2
2019-08-20 06:11:40.386053: I tensorflow/core/platform/cpu_feature_guard.cc:141] Your CPU supports instructions that this TensorFlow binary was not compiled to use: AVX2 FMA
2019-08-20 06:11:41.360045: I tensorflow/core/common_runtime/gpu/gpu_device.cc:1432] Found device 0 with properties: 
name: TITAN X (Pascal) major: 6 minor: 1 memoryClockRate(GHz): 1.531
pciBusID: 0000:83:00.0
totalMemory: 11.91GiB freeMemory: 11.77GiB
2019-08-20 06:11:41.360087: I tensorflow/core/common_runtime/gpu/gpu_device.cc:1511] Adding visible gpu devices: 0
2019-08-20 06:11:41.794188: I tensorflow/core/common_runtime/gpu/gpu_device.cc:982] Device interconnect StreamExecutor with strength 1 edge matrix:
2019-08-20 06:11:41.794237: I tensorflow/core/common_runtime/gpu/gpu_device.cc:988]      0 
2019-08-20 06:11:41.794245: I tensorflow/core/common_runtime/gpu/gpu_device.cc:1001] 0:   N 
2019-08-20 06:11:41.794388: I tensorflow/core/common_runtime/gpu/gpu_device.cc:1115] Created TensorFlow device (/job:localhost/replica:0/task:0/device:GPU:0 with 11387 MB memory) -> physical GPU (device: 0, name: TITAN X (Pascal), pci bus id: 0000:83:00.0, compute capability: 6.1)
trainingdata= liar
Training with Fake= 1
Training with Fake= 1
Training with Fake= 1
train seq shape (10240, 100)
(10240, 2)
Parameters:: num_cells: 32 num_samples: 10240 embedding_size: 300 epochs: 200 batch_size: 64
(?, 100)
fitting model..
Train on 10240 samples, validate on 1284 samples
Epoch 1/200
 - 42s - loss: 0.6848 - acc: 0.5555 - val_loss: 0.6885 - val_acc: 0.5202
Epoch 2/200
 - 40s - loss: 0.6769 - acc: 0.5705 - val_loss: 0.6810 - val_acc: 0.5607
Epoch 3/200
 - 40s - loss: 0.6707 - acc: 0.5815 - val_loss: 0.6750 - val_acc: 0.5755
Epoch 4/200
 - 40s - loss: 0.6608 - acc: 0.6032 - val_loss: 0.6656 - val_acc: 0.5997
Epoch 5/200
 - 40s - loss: 0.6518 - acc: 0.6159 - val_loss: 0.6629 - val_acc: 0.6137
Epoch 6/200
 - 40s - loss: 0.6450 - acc: 0.6242 - val_loss: 0.6491 - val_acc: 0.6238
Epoch 7/200
 - 40s - loss: 0.6344 - acc: 0.6465 - val_loss: 0.6478 - val_acc: 0.6347
Epoch 8/200
 - 40s - loss: 0.6243 - acc: 0.6514 - val_loss: 0.6418 - val_acc: 0.6324
Epoch 9/200
 - 40s - loss: 0.6137 - acc: 0.6683 - val_loss: 0.6505 - val_acc: 0.6340
Epoch 10/200
 - 40s - loss: 0.6021 - acc: 0.6773 - val_loss: 0.6479 - val_acc: 0.6347
Epoch 11/200
 - 40s - loss: 0.5898 - acc: 0.6905 - val_loss: 0.6500 - val_acc: 0.6379
Epoch 12/200
 - 40s - loss: 0.5806 - acc: 0.6989 - val_loss: 0.6518 - val_acc: 0.6324
Epoch 13/200
 - 40s - loss: 0.5707 - acc: 0.7111 - val_loss: 0.6532 - val_acc: 0.6386
Epoch 14/200
 - 40s - loss: 0.5636 - acc: 0.7177 - val_loss: 0.6591 - val_acc: 0.6324
Epoch 15/200
 - 40s - loss: 0.5484 - acc: 0.7301 - val_loss: 0.6594 - val_acc: 0.6293
Epoch 16/200
 - 39s - loss: 0.5381 - acc: 0.7375 - val_loss: 0.6645 - val_acc: 0.6262
Epoch 17/200
 - 39s - loss: 0.5263 - acc: 0.7444 - val_loss: 0.6651 - val_acc: 0.6301
Epoch 18/200
 - 39s - loss: 0.5149 - acc: 0.7576 - val_loss: 0.6737 - val_acc: 0.6301
Epoch 19/200
 - 39s - loss: 0.5048 - acc: 0.7604 - val_loss: 0.6903 - val_acc: 0.6254
Epoch 20/200
 - 39s - loss: 0.4948 - acc: 0.7639 - val_loss: 0.6951 - val_acc: 0.6215
Epoch 21/200
 - 39s - loss: 0.4821 - acc: 0.7756 - val_loss: 0.7088 - val_acc: 0.6231
Epoch 22/200
 - 39s - loss: 0.4728 - acc: 0.7856 - val_loss: 0.7092 - val_acc: 0.6215
Epoch 23/200
 - 39s - loss: 0.4613 - acc: 0.7888 - val_loss: 0.7269 - val_acc: 0.6160
Epoch 24/200
 - 39s - loss: 0.4480 - acc: 0.7975 - val_loss: 0.7389 - val_acc: 0.6207
Epoch 25/200
 - 39s - loss: 0.4413 - acc: 0.8017 - val_loss: 0.7411 - val_acc: 0.6207
Epoch 26/200
 - 39s - loss: 0.4345 - acc: 0.8063 - val_loss: 0.7481 - val_acc: 0.6231
Epoch 27/200
 - 39s - loss: 0.4255 - acc: 0.8088 - val_loss: 0.7725 - val_acc: 0.6215
Epoch 28/200
 - 39s - loss: 0.4150 - acc: 0.8168 - val_loss: 0.7654 - val_acc: 0.6114
Epoch 29/200
 - 39s - loss: 0.4097 - acc: 0.8164 - val_loss: 0.7766 - val_acc: 0.6121
Epoch 30/200
 - 39s - loss: 0.4039 - acc: 0.8210 - val_loss: 0.7887 - val_acc: 0.6121
Epoch 31/200
 - 39s - loss: 0.3875 - acc: 0.8284 - val_loss: 0.8039 - val_acc: 0.6114
Epoch 32/200
 - 40s - loss: 0.3880 - acc: 0.8313 - val_loss: 0.8147 - val_acc: 0.6090
Epoch 33/200
 - 39s - loss: 0.3752 - acc: 0.8391 - val_loss: 0.8356 - val_acc: 0.6098
Epoch 34/200
 - 39s - loss: 0.3680 - acc: 0.8410 - val_loss: 0.8468 - val_acc: 0.6059
Epoch 35/200
 - 39s - loss: 0.3619 - acc: 0.8418 - val_loss: 0.8637 - val_acc: 0.6114
Epoch 36/200
 - 39s - loss: 0.3565 - acc: 0.8447 - val_loss: 0.8708 - val_acc: 0.6067
Epoch 37/200
 - 39s - loss: 0.3489 - acc: 0.8521 - val_loss: 0.8740 - val_acc: 0.6020
Epoch 38/200
 - 39s - loss: 0.3491 - acc: 0.8525 - val_loss: 0.8791 - val_acc: 0.6012
Epoch 39/200
 - 39s - loss: 0.3339 - acc: 0.8605 - val_loss: 0.8847 - val_acc: 0.6051
Epoch 40/200
 - 39s - loss: 0.3294 - acc: 0.8624 - val_loss: 0.8996 - val_acc: 0.6005
Epoch 41/200
 - 40s - loss: 0.3189 - acc: 0.8642 - val_loss: 0.9308 - val_acc: 0.6075
Epoch 42/200
 - 39s - loss: 0.3133 - acc: 0.8655 - val_loss: 0.9432 - val_acc: 0.6012
Epoch 43/200
 - 39s - loss: 0.3110 - acc: 0.8691 - val_loss: 0.9588 - val_acc: 0.6012
Epoch 44/200
 - 39s - loss: 0.3034 - acc: 0.8697 - val_loss: 0.9695 - val_acc: 0.6028
Epoch 45/200
 - 39s - loss: 0.2942 - acc: 0.8766 - val_loss: 0.9885 - val_acc: 0.6051
Epoch 46/200
 - 39s - loss: 0.2907 - acc: 0.8811 - val_loss: 0.9995 - val_acc: 0.6083
Epoch 47/200
 - 39s - loss: 0.2839 - acc: 0.8817 - val_loss: 1.0038 - val_acc: 0.5989
Epoch 48/200
 - 39s - loss: 0.2775 - acc: 0.8866 - val_loss: 1.0204 - val_acc: 0.6083
Epoch 49/200
 - 39s - loss: 0.2763 - acc: 0.8836 - val_loss: 1.0266 - val_acc: 0.5966
Epoch 50/200
 - 39s - loss: 0.2699 - acc: 0.8898 - val_loss: 1.0481 - val_acc: 0.6036
Epoch 51/200
 - 39s - loss: 0.2630 - acc: 0.8896 - val_loss: 1.0859 - val_acc: 0.6059
Epoch 52/200
 - 39s - loss: 0.2563 - acc: 0.8970 - val_loss: 1.1061 - val_acc: 0.6075
Epoch 53/200
 - 39s - loss: 0.2564 - acc: 0.8927 - val_loss: 1.0956 - val_acc: 0.6036
Epoch 54/200
 - 39s - loss: 0.2493 - acc: 0.8982 - val_loss: 1.0992 - val_acc: 0.6012
Epoch 55/200
 - 39s - loss: 0.2446 - acc: 0.8972 - val_loss: 1.1117 - val_acc: 0.5989
Epoch 56/200
 - 39s - loss: 0.2372 - acc: 0.9040 - val_loss: 1.1409 - val_acc: 0.6020
Epoch 57/200
 - 39s - loss: 0.2473 - acc: 0.8987 - val_loss: 1.1313 - val_acc: 0.5966
Epoch 58/200
 - 39s - loss: 0.2301 - acc: 0.9061 - val_loss: 1.1471 - val_acc: 0.5997
Epoch 59/200
 - 39s - loss: 0.2314 - acc: 0.9035 - val_loss: 1.1777 - val_acc: 0.5981
Epoch 60/200
 - 39s - loss: 0.2290 - acc: 0.9060 - val_loss: 1.1913 - val_acc: 0.5997
Epoch 61/200
 - 39s - loss: 0.2197 - acc: 0.9079 - val_loss: 1.2089 - val_acc: 0.5950
Epoch 62/200
 - 39s - loss: 0.2152 - acc: 0.9124 - val_loss: 1.2241 - val_acc: 0.5958
Epoch 63/200
 - 39s - loss: 0.2233 - acc: 0.9079 - val_loss: 1.2169 - val_acc: 0.5919
Epoch 64/200
 - 39s - loss: 0.2071 - acc: 0.9185 - val_loss: 1.2379 - val_acc: 0.5950
Epoch 65/200
 - 39s - loss: 0.2048 - acc: 0.9166 - val_loss: 1.2631 - val_acc: 0.5958
Epoch 66/200
 - 39s - loss: 0.2023 - acc: 0.9183 - val_loss: 1.2809 - val_acc: 0.5942
Epoch 67/200
 - 39s - loss: 0.1974 - acc: 0.9195 - val_loss: 1.2816 - val_acc: 0.5935
Epoch 68/200
 - 39s - loss: 0.1946 - acc: 0.9198 - val_loss: 1.3319 - val_acc: 0.5903
Epoch 69/200
 - 39s - loss: 0.1974 - acc: 0.9176 - val_loss: 1.3039 - val_acc: 0.5888
Epoch 70/200
 - 39s - loss: 0.1871 - acc: 0.9273 - val_loss: 1.3544 - val_acc: 0.5911
Epoch 71/200
 - 39s - loss: 0.1757 - acc: 0.9295 - val_loss: 1.3807 - val_acc: 0.5942
Epoch 72/200
 - 39s - loss: 0.1811 - acc: 0.9280 - val_loss: 1.3789 - val_acc: 0.5880
Epoch 73/200
 - 40s - loss: 0.1815 - acc: 0.9255 - val_loss: 1.3709 - val_acc: 0.5888
Epoch 74/200
 - 39s - loss: 0.1770 - acc: 0.9272 - val_loss: 1.4064 - val_acc: 0.5927
Epoch 75/200
 - 39s - loss: 0.1677 - acc: 0.9330 - val_loss: 1.4384 - val_acc: 0.5896
Epoch 76/200
 - 39s - loss: 0.1623 - acc: 0.9351 - val_loss: 1.4720 - val_acc: 0.5911
Epoch 77/200
 - 39s - loss: 0.1496 - acc: 0.9423 - val_loss: 1.4926 - val_acc: 0.5896
Epoch 78/200
 - 39s - loss: 0.1679 - acc: 0.9334 - val_loss: 1.4787 - val_acc: 0.5966
Epoch 79/200
 - 39s - loss: 0.1489 - acc: 0.9432 - val_loss: 1.5251 - val_acc: 0.5911
Epoch 80/200
 - 39s - loss: 0.1531 - acc: 0.9364 - val_loss: 1.5348 - val_acc: 0.5935
Epoch 81/200
 - 39s - loss: 0.1527 - acc: 0.9397 - val_loss: 1.5419 - val_acc: 0.5927
Epoch 82/200
 - 39s - loss: 0.1458 - acc: 0.9395 - val_loss: 1.5637 - val_acc: 0.5958
Epoch 83/200
 - 39s - loss: 0.1468 - acc: 0.9402 - val_loss: 1.5716 - val_acc: 0.5919
Epoch 84/200
 - 39s - loss: 0.1457 - acc: 0.9441 - val_loss: 1.5664 - val_acc: 0.5966
Epoch 85/200
 - 39s - loss: 0.1389 - acc: 0.9449 - val_loss: 1.6080 - val_acc: 0.5942
Epoch 86/200
 - 39s - loss: 0.1310 - acc: 0.9484 - val_loss: 1.6402 - val_acc: 0.5880
Epoch 87/200
 - 39s - loss: 0.1418 - acc: 0.9416 - val_loss: 1.5983 - val_acc: 0.5880
Epoch 88/200
 - 39s - loss: 0.1303 - acc: 0.9488 - val_loss: 1.6491 - val_acc: 0.5872
Epoch 89/200
 - 39s - loss: 0.1305 - acc: 0.9467 - val_loss: 1.6965 - val_acc: 0.5935
Epoch 90/200
 - 39s - loss: 0.1269 - acc: 0.9500 - val_loss: 1.7013 - val_acc: 0.5935
Epoch 91/200
 - 39s - loss: 0.1225 - acc: 0.9519 - val_loss: 1.7043 - val_acc: 0.5880
Epoch 92/200
 - 39s - loss: 0.1194 - acc: 0.9517 - val_loss: 1.7470 - val_acc: 0.5919
Epoch 93/200
 - 39s - loss: 0.1161 - acc: 0.9556 - val_loss: 1.7491 - val_acc: 0.5911
Epoch 94/200
 - 39s - loss: 0.1141 - acc: 0.9545 - val_loss: 1.7387 - val_acc: 0.5942
Epoch 95/200
 - 39s - loss: 0.1152 - acc: 0.9548 - val_loss: 1.7715 - val_acc: 0.5903
Epoch 96/200
 - 39s - loss: 0.1049 - acc: 0.9614 - val_loss: 1.7937 - val_acc: 0.5919
Epoch 97/200
 - 39s - loss: 0.1132 - acc: 0.9554 - val_loss: 1.8299 - val_acc: 0.5919
Epoch 98/200
 - 39s - loss: 0.1128 - acc: 0.9548 - val_loss: 1.8369 - val_acc: 0.5919
Epoch 99/200
 - 39s - loss: 0.1028 - acc: 0.9602 - val_loss: 1.8687 - val_acc: 0.5864
Epoch 100/200
 - 39s - loss: 0.1035 - acc: 0.9569 - val_loss: 1.8817 - val_acc: 0.5888
Epoch 101/200
 - 39s - loss: 0.1022 - acc: 0.9592 - val_loss: 1.8882 - val_acc: 0.5911
Epoch 102/200
 - 39s - loss: 0.0930 - acc: 0.9650 - val_loss: 1.9279 - val_acc: 0.5919
Epoch 103/200
 - 39s - loss: 0.0960 - acc: 0.9618 - val_loss: 1.9251 - val_acc: 0.5849
Epoch 104/200
 - 39s - loss: 0.0940 - acc: 0.9614 - val_loss: 1.9561 - val_acc: 0.5818
Epoch 105/200
 - 39s - loss: 0.0919 - acc: 0.9662 - val_loss: 1.9856 - val_acc: 0.5919
Epoch 106/200
 - 39s - loss: 0.0892 - acc: 0.9646 - val_loss: 1.9727 - val_acc: 0.5872
Epoch 107/200
 - 40s - loss: 0.0879 - acc: 0.9646 - val_loss: 2.0099 - val_acc: 0.5880
Epoch 108/200
 - 39s - loss: 0.0855 - acc: 0.9680 - val_loss: 2.0613 - val_acc: 0.5888
Epoch 109/200
 - 39s - loss: 0.0923 - acc: 0.9633 - val_loss: 2.0394 - val_acc: 0.5841
Epoch 110/200
 - 39s - loss: 0.0888 - acc: 0.9645 - val_loss: 2.0293 - val_acc: 0.5826
Epoch 111/200
 - 39s - loss: 0.0824 - acc: 0.9679 - val_loss: 2.0740 - val_acc: 0.5857
Epoch 112/200
 - 39s - loss: 0.0808 - acc: 0.9700 - val_loss: 2.1043 - val_acc: 0.5787
Epoch 113/200
 - 39s - loss: 0.0803 - acc: 0.9704 - val_loss: 2.1117 - val_acc: 0.5763
Epoch 114/200
 - 39s - loss: 0.0794 - acc: 0.9688 - val_loss: 2.0997 - val_acc: 0.5849
Epoch 115/200
 - 39s - loss: 0.0794 - acc: 0.9704 - val_loss: 2.1431 - val_acc: 0.5841
Epoch 116/200
 - 39s - loss: 0.0766 - acc: 0.9698 - val_loss: 2.1493 - val_acc: 0.5826
Epoch 117/200
 - 39s - loss: 0.0770 - acc: 0.9712 - val_loss: 2.1454 - val_acc: 0.5779
Epoch 118/200
 - 39s - loss: 0.0730 - acc: 0.9702 - val_loss: 2.2221 - val_acc: 0.5880
Epoch 119/200
 - 39s - loss: 0.0721 - acc: 0.9726 - val_loss: 2.1960 - val_acc: 0.5833
Epoch 120/200
 - 39s - loss: 0.0713 - acc: 0.9745 - val_loss: 2.2530 - val_acc: 0.5833
Epoch 121/200
 - 39s - loss: 0.0722 - acc: 0.9717 - val_loss: 2.2433 - val_acc: 0.5802
Epoch 122/200
 - 39s - loss: 0.0661 - acc: 0.9758 - val_loss: 2.2696 - val_acc: 0.5833
Epoch 123/200
 - 39s - loss: 0.0666 - acc: 0.9751 - val_loss: 2.2696 - val_acc: 0.5833
Epoch 124/200
 - 39s - loss: 0.0671 - acc: 0.9748 - val_loss: 2.2575 - val_acc: 0.5880
Epoch 125/200
 - 39s - loss: 0.0611 - acc: 0.9763 - val_loss: 2.2909 - val_acc: 0.5818
Epoch 126/200
 - 39s - loss: 0.0614 - acc: 0.9761 - val_loss: 2.3172 - val_acc: 0.5833
Epoch 127/200
 - 39s - loss: 0.0648 - acc: 0.9750 - val_loss: 2.3220 - val_acc: 0.5810
Epoch 128/200
 - 39s - loss: 0.0623 - acc: 0.9753 - val_loss: 2.3163 - val_acc: 0.5779
Epoch 129/200
 - 39s - loss: 0.0589 - acc: 0.9786 - val_loss: 2.3604 - val_acc: 0.5841
Epoch 130/200
 - 39s - loss: 0.0605 - acc: 0.9774 - val_loss: 2.3531 - val_acc: 0.5849
Epoch 131/200
 - 39s - loss: 0.0552 - acc: 0.9795 - val_loss: 2.3765 - val_acc: 0.5771
Epoch 132/200
 - 39s - loss: 0.0555 - acc: 0.9785 - val_loss: 2.4057 - val_acc: 0.5833
Epoch 133/200
 - 39s - loss: 0.0529 - acc: 0.9815 - val_loss: 2.4422 - val_acc: 0.5810
Epoch 134/200
 - 39s - loss: 0.0560 - acc: 0.9793 - val_loss: 2.4273 - val_acc: 0.5818
Epoch 135/200
 - 39s - loss: 0.0531 - acc: 0.9806 - val_loss: 2.4478 - val_acc: 0.5826
Epoch 136/200
 - 39s - loss: 0.0518 - acc: 0.9813 - val_loss: 2.4690 - val_acc: 0.5779
Epoch 137/200
 - 39s - loss: 0.0513 - acc: 0.9806 - val_loss: 2.4683 - val_acc: 0.5709
Epoch 138/200
 - 39s - loss: 0.0467 - acc: 0.9838 - val_loss: 2.5166 - val_acc: 0.5771
Epoch 139/200
 - 39s - loss: 0.0464 - acc: 0.9839 - val_loss: 2.5261 - val_acc: 0.5732
Epoch 140/200
 - 39s - loss: 0.0487 - acc: 0.9805 - val_loss: 2.5381 - val_acc: 0.5724
Epoch 141/200
 - 39s - loss: 0.0441 - acc: 0.9847 - val_loss: 2.5805 - val_acc: 0.5787
Epoch 142/200
 - 39s - loss: 0.0486 - acc: 0.9807 - val_loss: 2.5826 - val_acc: 0.5818
Epoch 143/200
 - 39s - loss: 0.0469 - acc: 0.9822 - val_loss: 2.5969 - val_acc: 0.5810
Epoch 144/200
 - 39s - loss: 0.0441 - acc: 0.9840 - val_loss: 2.6471 - val_acc: 0.5787
Epoch 145/200
 - 39s - loss: 0.0433 - acc: 0.9838 - val_loss: 2.6273 - val_acc: 0.5724
Epoch 146/200
 - 39s - loss: 0.0432 - acc: 0.9840 - val_loss: 2.6256 - val_acc: 0.5763
Epoch 147/200
 - 39s - loss: 0.0437 - acc: 0.9841 - val_loss: 2.6513 - val_acc: 0.5794
Epoch 148/200
 - 39s - loss: 0.0396 - acc: 0.9856 - val_loss: 2.6655 - val_acc: 0.5755
Epoch 149/200
 - 39s - loss: 0.0417 - acc: 0.9838 - val_loss: 2.6493 - val_acc: 0.5771
Epoch 150/200
 - 39s - loss: 0.0417 - acc: 0.9843 - val_loss: 2.6809 - val_acc: 0.5771
Epoch 151/200
 - 39s - loss: 0.0382 - acc: 0.9860 - val_loss: 2.7013 - val_acc: 0.5740
Epoch 152/200
 - 39s - loss: 0.0382 - acc: 0.9867 - val_loss: 2.7311 - val_acc: 0.5755
Epoch 153/200
 - 39s - loss: 0.0386 - acc: 0.9858 - val_loss: 2.7290 - val_acc: 0.5740
Epoch 154/200
 - 39s - loss: 0.0371 - acc: 0.9863 - val_loss: 2.7642 - val_acc: 0.5787
Epoch 155/200
 - 39s - loss: 0.0357 - acc: 0.9873 - val_loss: 2.7953 - val_acc: 0.5755
Epoch 156/200
 - 39s - loss: 0.0376 - acc: 0.9862 - val_loss: 2.8163 - val_acc: 0.5763
Epoch 157/200
 - 39s - loss: 0.0396 - acc: 0.9854 - val_loss: 2.8002 - val_acc: 0.5755
Epoch 158/200
 - 39s - loss: 0.0344 - acc: 0.9868 - val_loss: 2.8309 - val_acc: 0.5755
Epoch 159/200
 - 39s - loss: 0.0325 - acc: 0.9879 - val_loss: 2.8339 - val_acc: 0.5748
Epoch 160/200
 - 39s - loss: 0.0331 - acc: 0.9878 - val_loss: 2.8735 - val_acc: 0.5771
Epoch 161/200
 - 39s - loss: 0.0311 - acc: 0.9895 - val_loss: 2.8884 - val_acc: 0.5748
Epoch 162/200
 - 39s - loss: 0.0341 - acc: 0.9883 - val_loss: 2.8514 - val_acc: 0.5732
Epoch 163/200
 - 39s - loss: 0.0314 - acc: 0.9887 - val_loss: 2.8846 - val_acc: 0.5763
Epoch 164/200
 - 39s - loss: 0.0296 - acc: 0.9888 - val_loss: 2.9375 - val_acc: 0.5755
Epoch 165/200
 - 39s - loss: 0.0322 - acc: 0.9888 - val_loss: 2.9071 - val_acc: 0.5779
Epoch 166/200
 - 39s - loss: 0.0300 - acc: 0.9886 - val_loss: 2.9322 - val_acc: 0.5748
Epoch 167/200
 - 39s - loss: 0.0293 - acc: 0.9896 - val_loss: 2.9367 - val_acc: 0.5787
Epoch 168/200
 - 39s - loss: 0.0283 - acc: 0.9888 - val_loss: 2.9657 - val_acc: 0.5802
Epoch 169/200
 - 39s - loss: 0.0300 - acc: 0.9896 - val_loss: 2.9825 - val_acc: 0.5810
Epoch 170/200
 - 39s - loss: 0.0297 - acc: 0.9897 - val_loss: 2.9572 - val_acc: 0.5748
Epoch 171/200
 - 39s - loss: 0.0260 - acc: 0.9913 - val_loss: 3.0386 - val_acc: 0.5802
Epoch 172/200
 - 39s - loss: 0.0270 - acc: 0.9903 - val_loss: 3.0465 - val_acc: 0.5724
Epoch 173/200
 - 39s - loss: 0.0247 - acc: 0.9912 - val_loss: 3.0531 - val_acc: 0.5748
Epoch 174/200
 - 40s - loss: 0.0265 - acc: 0.9901 - val_loss: 3.0207 - val_acc: 0.5763
Epoch 175/200
 - 40s - loss: 0.0251 - acc: 0.9914 - val_loss: 3.0721 - val_acc: 0.5740
Epoch 176/200
 - 39s - loss: 0.0240 - acc: 0.9919 - val_loss: 3.0900 - val_acc: 0.5693
Epoch 177/200
 - 39s - loss: 0.0246 - acc: 0.9905 - val_loss: 3.1475 - val_acc: 0.5717
Epoch 178/200
 - 39s - loss: 0.0268 - acc: 0.9915 - val_loss: 3.1180 - val_acc: 0.5810
Epoch 179/200
 - 39s - loss: 0.0247 - acc: 0.9918 - val_loss: 3.1535 - val_acc: 0.5826
Epoch 180/200
 - 39s - loss: 0.0225 - acc: 0.9922 - val_loss: 3.1681 - val_acc: 0.5779
Epoch 181/200
 - 39s - loss: 0.0201 - acc: 0.9938 - val_loss: 3.1759 - val_acc: 0.5771
Epoch 182/200
 - 39s - loss: 0.0221 - acc: 0.9928 - val_loss: 3.1979 - val_acc: 0.5841
Epoch 183/200
 - 39s - loss: 0.0213 - acc: 0.9919 - val_loss: 3.1867 - val_acc: 0.5779
Epoch 184/200
 - 39s - loss: 0.0210 - acc: 0.9927 - val_loss: 3.2038 - val_acc: 0.5802
Epoch 185/200
 - 39s - loss: 0.0255 - acc: 0.9905 - val_loss: 3.2311 - val_acc: 0.5771
Epoch 186/200
 - 39s - loss: 0.0199 - acc: 0.9931 - val_loss: 3.2610 - val_acc: 0.5787
Epoch 187/200
 - 39s - loss: 0.0208 - acc: 0.9930 - val_loss: 3.2312 - val_acc: 0.5794
Epoch 188/200
 - 39s - loss: 0.0207 - acc: 0.9934 - val_loss: 3.2179 - val_acc: 0.5794
Epoch 189/200
 - 39s - loss: 0.0199 - acc: 0.9938 - val_loss: 3.2384 - val_acc: 0.5787
Epoch 190/200
 - 39s - loss: 0.0229 - acc: 0.9925 - val_loss: 3.2597 - val_acc: 0.5818
Epoch 191/200
 - 39s - loss: 0.0211 - acc: 0.9928 - val_loss: 3.2427 - val_acc: 0.5748
Epoch 192/200
 - 39s - loss: 0.0201 - acc: 0.9929 - val_loss: 3.2091 - val_acc: 0.5755
Epoch 193/200
 - 39s - loss: 0.0180 - acc: 0.9943 - val_loss: 3.3135 - val_acc: 0.5748
Epoch 194/200
 - 39s - loss: 0.0193 - acc: 0.9935 - val_loss: 3.3317 - val_acc: 0.5748
Epoch 195/200
 - 39s - loss: 0.0200 - acc: 0.9924 - val_loss: 3.3112 - val_acc: 0.5724
Epoch 196/200
 - 39s - loss: 0.0197 - acc: 0.9925 - val_loss: 3.2900 - val_acc: 0.5748
Epoch 197/200
 - 39s - loss: 0.0175 - acc: 0.9937 - val_loss: 3.3632 - val_acc: 0.5748
Epoch 198/200
 - 39s - loss: 0.0196 - acc: 0.9920 - val_loss: 3.3307 - val_acc: 0.5740
Epoch 199/200
 - 39s - loss: 0.0183 - acc: 0.9940 - val_loss: 3.3301 - val_acc: 0.5724
Epoch 200/200
 - 39s - loss: 0.0154 - acc: 0.9953 - val_loss: 3.4111 - val_acc: 0.5724
Testing...
Test loss: 3.426852941701237
Test accuracy: 0.5548539868281785
Valid loss: 3.411112889322536
Valid accuracy: 0.572429906542056
tn, fp, fn, tp
456 258 306 247
_________________________________________________________________
Layer (type)                 Output Shape              Param #   
=================================================================
input (InputLayer)           (None, 100)               0         
_________________________________________________________________
embedding_1 (Embedding)      (None, 100, 300)          4084500   
_________________________________________________________________
bidirectional_1 (Bidirection (None, 64)                85248     
_________________________________________________________________
dense_1 (Dense)              (None, 2)                 130       
=================================================================
Total params: 4,169,878
Trainable params: 4,169,878
Non-trainable params: 0
_________________________________________________________________
trainingdata= liar
Training with Fake= 1
Training with Fake= 1
Training with Fake= 1
train seq shape (10240, 100)
(10240, 2)
Parameters:: num_cells: 256 num_samples: 10240 embedding_size: 300 epochs: 200 batch_size: 64
(?, 100)
fitting model..
Train on 10240 samples, validate on 1284 samples
Epoch 1/200
 - 41s - loss: 0.6908 - acc: 0.5314 - val_loss: 0.6947 - val_acc: 0.5202
Epoch 2/200
 - 40s - loss: 0.6858 - acc: 0.5610 - val_loss: 0.6947 - val_acc: 0.5210
Epoch 3/200
 - 39s - loss: 0.6840 - acc: 0.5620 - val_loss: 0.6931 - val_acc: 0.5210
Epoch 4/200
 - 39s - loss: 0.6814 - acc: 0.5634 - val_loss: 0.6916 - val_acc: 0.5210
Epoch 5/200
 - 39s - loss: 0.6798 - acc: 0.5667 - val_loss: 0.6897 - val_acc: 0.5273
Epoch 6/200
 - 39s - loss: 0.6773 - acc: 0.5657 - val_loss: 0.6881 - val_acc: 0.5319
Epoch 7/200
 - 39s - loss: 0.6760 - acc: 0.5706 - val_loss: 0.6865 - val_acc: 0.5358
Epoch 8/200
 - 39s - loss: 0.6745 - acc: 0.5683 - val_loss: 0.6847 - val_acc: 0.5413
Epoch 9/200
 - 40s - loss: 0.6715 - acc: 0.5769 - val_loss: 0.6830 - val_acc: 0.5491
Epoch 10/200
 - 40s - loss: 0.6691 - acc: 0.5819 - val_loss: 0.6793 - val_acc: 0.5553
Epoch 11/200
 - 39s - loss: 0.6671 - acc: 0.5829 - val_loss: 0.6777 - val_acc: 0.5631
Epoch 12/200
 - 40s - loss: 0.6655 - acc: 0.5896 - val_loss: 0.6741 - val_acc: 0.5670
Epoch 13/200
 - 39s - loss: 0.6644 - acc: 0.5941 - val_loss: 0.6726 - val_acc: 0.5755
Epoch 14/200
 - 40s - loss: 0.6628 - acc: 0.5977 - val_loss: 0.6711 - val_acc: 0.5724
Epoch 15/200
 - 39s - loss: 0.6601 - acc: 0.6069 - val_loss: 0.6694 - val_acc: 0.5740
Epoch 16/200
 - 39s - loss: 0.6606 - acc: 0.6024 - val_loss: 0.6660 - val_acc: 0.5833
Epoch 17/200
 - 39s - loss: 0.6569 - acc: 0.6105 - val_loss: 0.6650 - val_acc: 0.5872
Epoch 18/200
 - 39s - loss: 0.6579 - acc: 0.6022 - val_loss: 0.6636 - val_acc: 0.5849
Epoch 19/200
 - 39s - loss: 0.6550 - acc: 0.6133 - val_loss: 0.6625 - val_acc: 0.5880
Epoch 20/200
 - 40s - loss: 0.6507 - acc: 0.6157 - val_loss: 0.6605 - val_acc: 0.5911
Epoch 21/200
 - 39s - loss: 0.6539 - acc: 0.6141 - val_loss: 0.6596 - val_acc: 0.5974
Epoch 22/200
 - 39s - loss: 0.6513 - acc: 0.6201 - val_loss: 0.6586 - val_acc: 0.6020
Epoch 23/200
 - 39s - loss: 0.6488 - acc: 0.6227 - val_loss: 0.6597 - val_acc: 0.5958
Epoch 24/200
 - 39s - loss: 0.6483 - acc: 0.6227 - val_loss: 0.6595 - val_acc: 0.5966
Epoch 25/200
 - 39s - loss: 0.6485 - acc: 0.6260 - val_loss: 0.6596 - val_acc: 0.5950
Epoch 26/200
 - 39s - loss: 0.6504 - acc: 0.6219 - val_loss: 0.6569 - val_acc: 0.6067
Epoch 27/200
 - 39s - loss: 0.6479 - acc: 0.6269 - val_loss: 0.6578 - val_acc: 0.6020
Epoch 28/200
 - 40s - loss: 0.6459 - acc: 0.6252 - val_loss: 0.6564 - val_acc: 0.6083
Epoch 29/200
 - 39s - loss: 0.6459 - acc: 0.6238 - val_loss: 0.6564 - val_acc: 0.6083
Epoch 30/200
 - 39s - loss: 0.6451 - acc: 0.6297 - val_loss: 0.6543 - val_acc: 0.6106
Epoch 31/200
 - 39s - loss: 0.6438 - acc: 0.6304 - val_loss: 0.6566 - val_acc: 0.6098
Epoch 32/200
 - 39s - loss: 0.6407 - acc: 0.6405 - val_loss: 0.6542 - val_acc: 0.6153
Epoch 33/200
 - 39s - loss: 0.6412 - acc: 0.6354 - val_loss: 0.6567 - val_acc: 0.6059
Epoch 34/200
 - 39s - loss: 0.6399 - acc: 0.6357 - val_loss: 0.6540 - val_acc: 0.6168
Epoch 35/200
 - 40s - loss: 0.6418 - acc: 0.6310 - val_loss: 0.6520 - val_acc: 0.6121
Epoch 36/200
 - 39s - loss: 0.6410 - acc: 0.6312 - val_loss: 0.6518 - val_acc: 0.6121
Epoch 37/200
 - 39s - loss: 0.6383 - acc: 0.6395 - val_loss: 0.6552 - val_acc: 0.6129
Epoch 38/200
 - 39s - loss: 0.6384 - acc: 0.6403 - val_loss: 0.6535 - val_acc: 0.6176
Epoch 39/200
 - 39s - loss: 0.6366 - acc: 0.6392 - val_loss: 0.6539 - val_acc: 0.6168
Epoch 40/200
 - 39s - loss: 0.6368 - acc: 0.6387 - val_loss: 0.6507 - val_acc: 0.6153
Epoch 41/200
 - 39s - loss: 0.6336 - acc: 0.6369 - val_loss: 0.6513 - val_acc: 0.6114
Epoch 42/200
 - 39s - loss: 0.6347 - acc: 0.6421 - val_loss: 0.6504 - val_acc: 0.6145
Epoch 43/200
 - 39s - loss: 0.6345 - acc: 0.6405 - val_loss: 0.6507 - val_acc: 0.6153
Epoch 44/200
 - 39s - loss: 0.6315 - acc: 0.6474 - val_loss: 0.6512 - val_acc: 0.6129
Epoch 45/200
 - 39s - loss: 0.6317 - acc: 0.6479 - val_loss: 0.6493 - val_acc: 0.6145
Epoch 46/200
 - 39s - loss: 0.6317 - acc: 0.6489 - val_loss: 0.6508 - val_acc: 0.6168
Epoch 47/200
 - 39s - loss: 0.6313 - acc: 0.6431 - val_loss: 0.6484 - val_acc: 0.6106
Epoch 48/200
 - 39s - loss: 0.6290 - acc: 0.6510 - val_loss: 0.6536 - val_acc: 0.6168
Epoch 49/200
 - 40s - loss: 0.6282 - acc: 0.6462 - val_loss: 0.6498 - val_acc: 0.6199
Epoch 50/200
 - 39s - loss: 0.6257 - acc: 0.6496 - val_loss: 0.6515 - val_acc: 0.6199
Epoch 51/200
 - 39s - loss: 0.6275 - acc: 0.6502 - val_loss: 0.6502 - val_acc: 0.6199
Epoch 52/200
 - 39s - loss: 0.6267 - acc: 0.6493 - val_loss: 0.6484 - val_acc: 0.6160
Epoch 53/200
 - 39s - loss: 0.6202 - acc: 0.6616 - val_loss: 0.6505 - val_acc: 0.6176
Epoch 54/200
 - 39s - loss: 0.6236 - acc: 0.6578 - val_loss: 0.6493 - val_acc: 0.6192
Epoch 55/200
 - 39s - loss: 0.6208 - acc: 0.6578 - val_loss: 0.6496 - val_acc: 0.6176
Epoch 56/200
 - 39s - loss: 0.6220 - acc: 0.6577 - val_loss: 0.6473 - val_acc: 0.6199
Epoch 57/200
 - 39s - loss: 0.6207 - acc: 0.6564 - val_loss: 0.6484 - val_acc: 0.6168
Epoch 58/200
 - 39s - loss: 0.6162 - acc: 0.6620 - val_loss: 0.6467 - val_acc: 0.6223
Epoch 59/200
 - 39s - loss: 0.6201 - acc: 0.6599 - val_loss: 0.6479 - val_acc: 0.6192
Epoch 60/200
 - 39s - loss: 0.6169 - acc: 0.6655 - val_loss: 0.6484 - val_acc: 0.6207
Epoch 61/200
 - 39s - loss: 0.6179 - acc: 0.6599 - val_loss: 0.6463 - val_acc: 0.6293
Epoch 62/200
 - 39s - loss: 0.6158 - acc: 0.6617 - val_loss: 0.6478 - val_acc: 0.6215
Epoch 63/200
 - 39s - loss: 0.6121 - acc: 0.6713 - val_loss: 0.6479 - val_acc: 0.6223
Epoch 64/200
 - 39s - loss: 0.6150 - acc: 0.6646 - val_loss: 0.6484 - val_acc: 0.6223
Epoch 65/200
 - 39s - loss: 0.6116 - acc: 0.6706 - val_loss: 0.6476 - val_acc: 0.6238
Epoch 66/200
 - 39s - loss: 0.6119 - acc: 0.6648 - val_loss: 0.6474 - val_acc: 0.6277
Epoch 67/200
 - 39s - loss: 0.6094 - acc: 0.6699 - val_loss: 0.6517 - val_acc: 0.6246
Epoch 68/200
 - 40s - loss: 0.6094 - acc: 0.6721 - val_loss: 0.6495 - val_acc: 0.6246
Epoch 69/200
 - 40s - loss: 0.6104 - acc: 0.6673 - val_loss: 0.6464 - val_acc: 0.6316
Epoch 70/200
 - 39s - loss: 0.6036 - acc: 0.6756 - val_loss: 0.6482 - val_acc: 0.6293
Epoch 71/200
 - 39s - loss: 0.6062 - acc: 0.6744 - val_loss: 0.6467 - val_acc: 0.6332
Epoch 72/200
 - 39s - loss: 0.6047 - acc: 0.6741 - val_loss: 0.6464 - val_acc: 0.6316
Epoch 73/200
 - 39s - loss: 0.6032 - acc: 0.6797 - val_loss: 0.6467 - val_acc: 0.6285
Epoch 74/200
 - 39s - loss: 0.6029 - acc: 0.6738 - val_loss: 0.6482 - val_acc: 0.6285
Epoch 75/200
 - 40s - loss: 0.6031 - acc: 0.6776 - val_loss: 0.6489 - val_acc: 0.6277
Epoch 76/200
 - 39s - loss: 0.6028 - acc: 0.6696 - val_loss: 0.6478 - val_acc: 0.6324
Epoch 77/200
 - 39s - loss: 0.5993 - acc: 0.6784 - val_loss: 0.6477 - val_acc: 0.6301
Epoch 78/200
 - 39s - loss: 0.5975 - acc: 0.6840 - val_loss: 0.6499 - val_acc: 0.6246
Epoch 79/200
 - 39s - loss: 0.5943 - acc: 0.6834 - val_loss: 0.6471 - val_acc: 0.6316
Epoch 80/200
 - 39s - loss: 0.5934 - acc: 0.6854 - val_loss: 0.6504 - val_acc: 0.6301
Epoch 81/200
 - 39s - loss: 0.5931 - acc: 0.6806 - val_loss: 0.6470 - val_acc: 0.6316
Epoch 82/200
 - 39s - loss: 0.5947 - acc: 0.6860 - val_loss: 0.6460 - val_acc: 0.6347
Epoch 83/200
 - 40s - loss: 0.5912 - acc: 0.6871 - val_loss: 0.6468 - val_acc: 0.6285
Epoch 84/200
 - 39s - loss: 0.5915 - acc: 0.6896 - val_loss: 0.6481 - val_acc: 0.6340
Epoch 85/200
 - 39s - loss: 0.5912 - acc: 0.6894 - val_loss: 0.6488 - val_acc: 0.6379
Epoch 86/200
 - 39s - loss: 0.5896 - acc: 0.6900 - val_loss: 0.6464 - val_acc: 0.6347
Epoch 87/200
 - 39s - loss: 0.5867 - acc: 0.6894 - val_loss: 0.6470 - val_acc: 0.6355
Epoch 88/200
 - 39s - loss: 0.5845 - acc: 0.6962 - val_loss: 0.6481 - val_acc: 0.6355
Epoch 89/200
 - 39s - loss: 0.5836 - acc: 0.6958 - val_loss: 0.6483 - val_acc: 0.6347
Epoch 90/200
 - 39s - loss: 0.5860 - acc: 0.6898 - val_loss: 0.6501 - val_acc: 0.6324
Epoch 91/200
 - 39s - loss: 0.5832 - acc: 0.6947 - val_loss: 0.6503 - val_acc: 0.6332
Epoch 92/200
 - 39s - loss: 0.5850 - acc: 0.6939 - val_loss: 0.6510 - val_acc: 0.6254
Epoch 93/200
 - 39s - loss: 0.5813 - acc: 0.6987 - val_loss: 0.6466 - val_acc: 0.6347
Epoch 94/200
 - 39s - loss: 0.5777 - acc: 0.6980 - val_loss: 0.6516 - val_acc: 0.6262
Epoch 95/200
 - 39s - loss: 0.5800 - acc: 0.6944 - val_loss: 0.6494 - val_acc: 0.6363
Epoch 96/200
 - 39s - loss: 0.5754 - acc: 0.7024 - val_loss: 0.6517 - val_acc: 0.6262
Epoch 97/200
 - 39s - loss: 0.5766 - acc: 0.7041 - val_loss: 0.6496 - val_acc: 0.6340
Epoch 98/200
 - 39s - loss: 0.5774 - acc: 0.7008 - val_loss: 0.6520 - val_acc: 0.6254
Epoch 99/200
 - 39s - loss: 0.5709 - acc: 0.7047 - val_loss: 0.6584 - val_acc: 0.6223
Epoch 100/200
 - 39s - loss: 0.5722 - acc: 0.7006 - val_loss: 0.6521 - val_acc: 0.6262
Epoch 101/200
 - 39s - loss: 0.5730 - acc: 0.7013 - val_loss: 0.6524 - val_acc: 0.6262
Epoch 102/200
 - 40s - loss: 0.5688 - acc: 0.7092 - val_loss: 0.6509 - val_acc: 0.6301
Epoch 103/200
 - 39s - loss: 0.5706 - acc: 0.7075 - val_loss: 0.6541 - val_acc: 0.6246
Epoch 104/200
 - 39s - loss: 0.5710 - acc: 0.7037 - val_loss: 0.6524 - val_acc: 0.6262
Epoch 105/200
 - 39s - loss: 0.5628 - acc: 0.7111 - val_loss: 0.6544 - val_acc: 0.6285
Epoch 106/200
 - 39s - loss: 0.5654 - acc: 0.7148 - val_loss: 0.6539 - val_acc: 0.6254
Epoch 107/200
 - 39s - loss: 0.5634 - acc: 0.7125 - val_loss: 0.6550 - val_acc: 0.6277
Epoch 108/200
 - 39s - loss: 0.5582 - acc: 0.7175 - val_loss: 0.6535 - val_acc: 0.6254
Epoch 109/200
 - 39s - loss: 0.5602 - acc: 0.7128 - val_loss: 0.6539 - val_acc: 0.6269
Epoch 110/200
 - 40s - loss: 0.5632 - acc: 0.7104 - val_loss: 0.6557 - val_acc: 0.6269
Epoch 111/200
 - 39s - loss: 0.5570 - acc: 0.7193 - val_loss: 0.6591 - val_acc: 0.6269
Epoch 112/200
 - 39s - loss: 0.5569 - acc: 0.7140 - val_loss: 0.6599 - val_acc: 0.6269
Epoch 113/200
 - 40s - loss: 0.5560 - acc: 0.7228 - val_loss: 0.6624 - val_acc: 0.6231
Epoch 114/200
 - 39s - loss: 0.5560 - acc: 0.7123 - val_loss: 0.6592 - val_acc: 0.6238
Epoch 115/200
 - 39s - loss: 0.5580 - acc: 0.7173 - val_loss: 0.6562 - val_acc: 0.6215
Epoch 116/200
 - 39s - loss: 0.5535 - acc: 0.7165 - val_loss: 0.6573 - val_acc: 0.6215
Epoch 117/200
 - 39s - loss: 0.5502 - acc: 0.7215 - val_loss: 0.6573 - val_acc: 0.6223
Epoch 118/200
 - 40s - loss: 0.5544 - acc: 0.7188 - val_loss: 0.6574 - val_acc: 0.6246
Epoch 119/200
 - 40s - loss: 0.5483 - acc: 0.7229 - val_loss: 0.6584 - val_acc: 0.6238
Epoch 120/200
 - 39s - loss: 0.5516 - acc: 0.7183 - val_loss: 0.6590 - val_acc: 0.6223
Epoch 121/200
 - 39s - loss: 0.5464 - acc: 0.7227 - val_loss: 0.6595 - val_acc: 0.6215
Epoch 122/200
 - 40s - loss: 0.5482 - acc: 0.7246 - val_loss: 0.6603 - val_acc: 0.6207
Epoch 123/200
 - 39s - loss: 0.5449 - acc: 0.7283 - val_loss: 0.6607 - val_acc: 0.6199
Epoch 124/200
 - 39s - loss: 0.5459 - acc: 0.7246 - val_loss: 0.6610 - val_acc: 0.6223
Epoch 125/200
 - 39s - loss: 0.5401 - acc: 0.7280 - val_loss: 0.6616 - val_acc: 0.6223
Epoch 126/200
 - 39s - loss: 0.5409 - acc: 0.7261 - val_loss: 0.6612 - val_acc: 0.6223
Epoch 127/200
 - 40s - loss: 0.5406 - acc: 0.7302 - val_loss: 0.6603 - val_acc: 0.6238
Epoch 128/200
 - 39s - loss: 0.5414 - acc: 0.7307 - val_loss: 0.6617 - val_acc: 0.6231
Epoch 129/200
 - 40s - loss: 0.5406 - acc: 0.7311 - val_loss: 0.6629 - val_acc: 0.6192
Epoch 130/200
 - 39s - loss: 0.5350 - acc: 0.7332 - val_loss: 0.6627 - val_acc: 0.6238
Epoch 131/200
 - 39s - loss: 0.5376 - acc: 0.7298 - val_loss: 0.6698 - val_acc: 0.6129
Epoch 132/200
 - 40s - loss: 0.5370 - acc: 0.7374 - val_loss: 0.6649 - val_acc: 0.6176
Epoch 133/200
 - 39s - loss: 0.5293 - acc: 0.7391 - val_loss: 0.6682 - val_acc: 0.6153
Epoch 134/200
 - 39s - loss: 0.5333 - acc: 0.7350 - val_loss: 0.6649 - val_acc: 0.6192
Epoch 135/200
 - 39s - loss: 0.5274 - acc: 0.7422 - val_loss: 0.6661 - val_acc: 0.6184
Epoch 136/200
 - 39s - loss: 0.5266 - acc: 0.7414 - val_loss: 0.6706 - val_acc: 0.6168
Epoch 137/200
 - 39s - loss: 0.5247 - acc: 0.7460 - val_loss: 0.6688 - val_acc: 0.6114
Epoch 138/200
 - 39s - loss: 0.5243 - acc: 0.7415 - val_loss: 0.6719 - val_acc: 0.6153
Epoch 139/200
 - 39s - loss: 0.5321 - acc: 0.7383 - val_loss: 0.6713 - val_acc: 0.6129
Epoch 140/200
 - 39s - loss: 0.5240 - acc: 0.7443 - val_loss: 0.6696 - val_acc: 0.6160
Epoch 141/200
 - 39s - loss: 0.5235 - acc: 0.7463 - val_loss: 0.6716 - val_acc: 0.6137
Epoch 142/200
 - 39s - loss: 0.5218 - acc: 0.7423 - val_loss: 0.6699 - val_acc: 0.6160
Epoch 143/200
 - 39s - loss: 0.5196 - acc: 0.7375 - val_loss: 0.6776 - val_acc: 0.6129
Epoch 144/200
 - 39s - loss: 0.5169 - acc: 0.7460 - val_loss: 0.6730 - val_acc: 0.6137
Epoch 145/200
 - 39s - loss: 0.5158 - acc: 0.7512 - val_loss: 0.6756 - val_acc: 0.6137
Epoch 146/200
 - 39s - loss: 0.5163 - acc: 0.7464 - val_loss: 0.6771 - val_acc: 0.6145
Epoch 147/200
 - 39s - loss: 0.5143 - acc: 0.7477 - val_loss: 0.6742 - val_acc: 0.6153
Epoch 148/200
 - 39s - loss: 0.5133 - acc: 0.7519 - val_loss: 0.6707 - val_acc: 0.6160
Epoch 149/200
 - 39s - loss: 0.5164 - acc: 0.7503 - val_loss: 0.6726 - val_acc: 0.6184
Epoch 150/200
 - 39s - loss: 0.5108 - acc: 0.7527 - val_loss: 0.6818 - val_acc: 0.6137
Epoch 151/200
 - 39s - loss: 0.5107 - acc: 0.7485 - val_loss: 0.6777 - val_acc: 0.6153
Epoch 152/200
 - 39s - loss: 0.5089 - acc: 0.7535 - val_loss: 0.6780 - val_acc: 0.6153
Epoch 153/200
 - 39s - loss: 0.5062 - acc: 0.7558 - val_loss: 0.6781 - val_acc: 0.6137
Epoch 154/200
 - 40s - loss: 0.5075 - acc: 0.7533 - val_loss: 0.6790 - val_acc: 0.6137
Epoch 155/200
 - 39s - loss: 0.5079 - acc: 0.7534 - val_loss: 0.6837 - val_acc: 0.6168
Epoch 156/200
 - 39s - loss: 0.5070 - acc: 0.7564 - val_loss: 0.6779 - val_acc: 0.6114
Epoch 157/200
 - 39s - loss: 0.5031 - acc: 0.7547 - val_loss: 0.6763 - val_acc: 0.6137
Epoch 158/200
 - 39s - loss: 0.5053 - acc: 0.7564 - val_loss: 0.6770 - val_acc: 0.6129
Epoch 159/200
 - 40s - loss: 0.5049 - acc: 0.7568 - val_loss: 0.6817 - val_acc: 0.6176
Epoch 160/200
 - 40s - loss: 0.4971 - acc: 0.7578 - val_loss: 0.6884 - val_acc: 0.6160
Epoch 161/200
 - 39s - loss: 0.4980 - acc: 0.7602 - val_loss: 0.6860 - val_acc: 0.6160
Epoch 162/200
 - 39s - loss: 0.5036 - acc: 0.7561 - val_loss: 0.6820 - val_acc: 0.6137
Epoch 163/200
 - 39s - loss: 0.4957 - acc: 0.7595 - val_loss: 0.6882 - val_acc: 0.6160
Epoch 164/200
 - 40s - loss: 0.4942 - acc: 0.7597 - val_loss: 0.6899 - val_acc: 0.6121
Epoch 165/200
 - 39s - loss: 0.4977 - acc: 0.7650 - val_loss: 0.6832 - val_acc: 0.6129
Epoch 166/200
 - 39s - loss: 0.4936 - acc: 0.7598 - val_loss: 0.6829 - val_acc: 0.6114
Epoch 167/200
 - 39s - loss: 0.4906 - acc: 0.7646 - val_loss: 0.6912 - val_acc: 0.6137
Epoch 168/200
 - 39s - loss: 0.4872 - acc: 0.7685 - val_loss: 0.6914 - val_acc: 0.6129
Epoch 169/200
 - 39s - loss: 0.4917 - acc: 0.7643 - val_loss: 0.6888 - val_acc: 0.6129
Epoch 170/200
 - 39s - loss: 0.4844 - acc: 0.7704 - val_loss: 0.6896 - val_acc: 0.6129
Epoch 171/200
 - 39s - loss: 0.4857 - acc: 0.7684 - val_loss: 0.6938 - val_acc: 0.6114
Epoch 172/200
 - 39s - loss: 0.4868 - acc: 0.7641 - val_loss: 0.6957 - val_acc: 0.6090
Epoch 173/200
 - 39s - loss: 0.4847 - acc: 0.7665 - val_loss: 0.6917 - val_acc: 0.6137
Epoch 174/200
 - 39s - loss: 0.4877 - acc: 0.7630 - val_loss: 0.6962 - val_acc: 0.6137
Epoch 175/200
 - 39s - loss: 0.4827 - acc: 0.7668 - val_loss: 0.6982 - val_acc: 0.6137
Epoch 176/200
 - 39s - loss: 0.4820 - acc: 0.7728 - val_loss: 0.6914 - val_acc: 0.6137
Epoch 177/200
 - 39s - loss: 0.4822 - acc: 0.7737 - val_loss: 0.6940 - val_acc: 0.6121
Epoch 178/200
 - 39s - loss: 0.4736 - acc: 0.7778 - val_loss: 0.7029 - val_acc: 0.6121
Epoch 179/200
 - 40s - loss: 0.4742 - acc: 0.7744 - val_loss: 0.7033 - val_acc: 0.6145
Epoch 180/200
 - 39s - loss: 0.4773 - acc: 0.7738 - val_loss: 0.6965 - val_acc: 0.6129
Epoch 181/200
 - 39s - loss: 0.4811 - acc: 0.7657 - val_loss: 0.6971 - val_acc: 0.6114
Epoch 182/200
 - 39s - loss: 0.4780 - acc: 0.7755 - val_loss: 0.7010 - val_acc: 0.6129
Epoch 183/200
 - 39s - loss: 0.4737 - acc: 0.7797 - val_loss: 0.7025 - val_acc: 0.6090
Epoch 184/200
 - 39s - loss: 0.4707 - acc: 0.7805 - val_loss: 0.7025 - val_acc: 0.6137
Epoch 185/200
 - 39s - loss: 0.4686 - acc: 0.7854 - val_loss: 0.7064 - val_acc: 0.6106
Epoch 186/200
 - 39s - loss: 0.4629 - acc: 0.7816 - val_loss: 0.7075 - val_acc: 0.6106
Epoch 187/200
 - 39s - loss: 0.4671 - acc: 0.7829 - val_loss: 0.7027 - val_acc: 0.6106
Epoch 188/200
 - 39s - loss: 0.4620 - acc: 0.7823 - val_loss: 0.7022 - val_acc: 0.6145
Epoch 189/200
 - 39s - loss: 0.4677 - acc: 0.7780 - val_loss: 0.7121 - val_acc: 0.6059
Epoch 190/200
 - 39s - loss: 0.4632 - acc: 0.7840 - val_loss: 0.7141 - val_acc: 0.6044
Epoch 191/200
 - 39s - loss: 0.4635 - acc: 0.7846 - val_loss: 0.7071 - val_acc: 0.6114
Epoch 192/200
 - 39s - loss: 0.4626 - acc: 0.7847 - val_loss: 0.7104 - val_acc: 0.6114
Epoch 193/200
 - 39s - loss: 0.4608 - acc: 0.7833 - val_loss: 0.7143 - val_acc: 0.6090
Epoch 194/200
 - 39s - loss: 0.4592 - acc: 0.7823 - val_loss: 0.7124 - val_acc: 0.6098
Epoch 195/200
 - 39s - loss: 0.4585 - acc: 0.7812 - val_loss: 0.7092 - val_acc: 0.6121
Epoch 196/200
 - 39s - loss: 0.4569 - acc: 0.7884 - val_loss: 0.7114 - val_acc: 0.6129
Epoch 197/200
 - 39s - loss: 0.4570 - acc: 0.7853 - val_loss: 0.7098 - val_acc: 0.6114
Epoch 198/200
 - 39s - loss: 0.4557 - acc: 0.7870 - val_loss: 0.7131 - val_acc: 0.6098
Epoch 199/200
 - 40s - loss: 0.4519 - acc: 0.7868 - val_loss: 0.7168 - val_acc: 0.6098
Epoch 200/200
 - 39s - loss: 0.4520 - acc: 0.7908 - val_loss: 0.7189 - val_acc: 0.6121
Using TensorFlow backend.
Testing...
Test loss: 0.7180995707824274
Test accuracy: 0.6211523291343954
Valid loss: 0.7188765915383432
Valid accuracy: 0.6121495327102804
tn, fp, fn, tp
530 184 296 257
_________________________________________________________________
Layer (type)                 Output Shape              Param #   
=================================================================
input (InputLayer)           (None, 100)               0         
_________________________________________________________________
embedding_2 (Embedding)      (None, 100, 300)          4084500   
_________________________________________________________________
bidirectional_2 (Bidirection (None, 512)               1140736   
_________________________________________________________________
dense_2 (Dense)              (None, 2)                 1026      
=================================================================
Total params: 5,226,262
Trainable params: 5,226,262
Non-trainable params: 0
_________________________________________________________________
AVERAGE= 1.9917713979322962
