1
2019-11-30 12:52:27.077014: W tensorflow/core/framework/allocator.cc:122] Allocation of 93763584 exceeds 10% of system memory.
2019-11-30 12:52:30.689297: I tensorflow/core/common_runtime/gpu/gpu_device.cc:1432] Found device 0 with properties: 
name: TITAN Xp major: 6 minor: 1 memoryClockRate(GHz): 1.582
pciBusID: 0000:84:00.0
totalMemory: 11.91GiB freeMemory: 11.76GiB
2019-11-30 12:52:30.689409: I tensorflow/core/common_runtime/gpu/gpu_device.cc:1511] Adding visible gpu devices: 0
2019-11-30 12:52:36.349863: I tensorflow/core/common_runtime/gpu/gpu_device.cc:982] Device interconnect StreamExecutor with strength 1 edge matrix:
2019-11-30 12:52:36.349978: I tensorflow/core/common_runtime/gpu/gpu_device.cc:988]      0 
2019-11-30 12:52:36.350028: I tensorflow/core/common_runtime/gpu/gpu_device.cc:1001] 0:   N 
2019-11-30 12:52:36.350346: I tensorflow/core/common_runtime/gpu/gpu_device.cc:1115] Created TensorFlow device (/job:localhost/replica:0/task:0/device:GPU:0 with 11378 MB memory) -> physical GPU (device: 0, name: TITAN Xp, pci bus id: 0000:84:00.0, compute capability: 6.1)
2019-11-30 12:52:38.200412: W tensorflow/core/framework/allocator.cc:122] Allocation of 93763584 exceeds 10% of system memory.
2019-11-30 12:53:50.391195: W tensorflow/core/framework/allocator.cc:122] Allocation of 93763584 exceeds 10% of system memory.
2019-11-30 12:53:51.066975: W tensorflow/core/framework/allocator.cc:122] Allocation of 93763584 exceeds 10% of system memory.
2019-11-30 12:53:54.523249: W tensorflow/core/framework/allocator.cc:122] Allocation of 93763584 exceeds 10% of system memory.
--------------------------------------
------------RANDOM SEED: 2 ------
trainingdata= liar
Training with Fake= 1
Training with Fake= 1
Training with Fake= 1
Epoch 1/10
 - 458s - loss: 0.6714 - acc: 0.5819
Epoch 2/10
 - 451s - loss: 0.6112 - acc: 0.6690
Epoch 3/10
 - 407s - loss: 0.4439 - acc: 0.8034
Epoch 4/10
 - 394s - loss: 0.2078 - acc: 0.9218
Epoch 5/10
 - 392s - loss: 0.1341 - acc: 0.9519
Epoch 6/10
 - 391s - loss: 0.0644 - acc: 0.9786
Epoch 7/10
 - 393s - loss: 0.0539 - acc: 0.9812
Epoch 8/10
 - 394s - loss: 0.0423 - acc: 0.9850
Epoch 9/10
 - 389s - loss: 0.0307 - acc: 0.9902
Epoch 10/10
 - 394s - loss: 0.0332 - acc: 0.9889
2019-11-30 14:07:39.150089: I tensorflow/core/common_runtime/gpu/gpu_device.cc:1511] Adding visible gpu devices: 0
2019-11-30 14:07:39.150724: I tensorflow/core/common_runtime/gpu/gpu_device.cc:982] Device interconnect StreamExecutor with strength 1 edge matrix:
2019-11-30 14:07:39.150803: I tensorflow/core/common_runtime/gpu/gpu_device.cc:988]      0 
2019-11-30 14:07:39.150866: I tensorflow/core/common_runtime/gpu/gpu_device.cc:1001] 0:   N 
2019-11-30 14:07:39.151128: I tensorflow/core/common_runtime/gpu/gpu_device.cc:1115] Created TensorFlow device (/job:localhost/replica:0/task:0/device:GPU:0 with 11378 MB memory) -> physical GPU (device: 0, name: TITAN Xp, pci bus id: 0000:84:00.0, compute capability: 6.1)
len preds: 1267
len y_test 1267
[[2.0765470e-04 9.9979240e-01]
 [1.8972777e-02 9.8102725e-01]
 [1.4756623e-04 9.9985242e-01]
 ...
 [3.8931322e-01 6.1068684e-01]
 [1.4643079e-03 9.9853563e-01]
 [6.7440756e-03 9.9325585e-01]]
Accuracy:  0.6085240726124704
F1 score:  0.5587188612099644
Time taken to train and test first part:  4163.83597111702
Testing on kaggle
Kaggle labels: 
 1: unreliable, 0: reliable
len kaggle preds: 6728
len kaggle y_test 6728
[[8.3335885e-04 9.9916661e-01]
 [4.1085001e-02 9.5891505e-01]
 [9.9609923e-01 3.9007228e-03]
 ...
 [4.4345105e-01 5.5654889e-01]
 [9.9277425e-01 7.2257891e-03]
 [4.7432166e-01 5.2567834e-01]]
kaggle accuracy:  0.5957193816884662
kaggle F1 score:  0.62627095355867
tn, fp, fn, tp
1729 1660 1060 2279
Testing on BS
BS labels: 1=fake, 0=real
len BS preds: 7257
len BS y_test 7257
[[6.3753396e-02 9.3624663e-01]
 [9.8084576e-02 9.0191543e-01]
 [1.8522520e-01 8.1477475e-01]
 ...
 [5.0578016e-04 9.9949419e-01]
 [3.4350660e-03 9.9656492e-01]
 [9.5527107e-01 4.4728864e-02]]
BS accuracy:  0.5554636902301227
BS F1 score:  0.6561500746109571
tn, fp, fn, tp
953 2275 951 3078
Done.
4510.702123403549
--------------------------------------
------------RANDOM SEED: 16 ------
trainingdata= liar
Training with Fake= 1
Training with Fake= 1
Training with Fake= 1
Epoch 1/10
 - 428s - loss: 0.6735 - acc: 0.5842
Epoch 2/10
 - 391s - loss: 0.6066 - acc: 0.6794
Epoch 3/10
 - 392s - loss: 0.4246 - acc: 0.8114
Epoch 4/10
 - 395s - loss: 0.2104 - acc: 0.9153
Epoch 5/10
 - 400s - loss: 0.0978 - acc: 0.9631
Epoch 6/10
 - 385s - loss: 0.0677 - acc: 0.9753
Epoch 7/10
 - 362s - loss: 0.0484 - acc: 0.9830
Epoch 8/10
 - 364s - loss: 0.0503 - acc: 0.9842
Epoch 9/10
 - 388s - loss: 0.0385 - acc: 0.9865
Epoch 10/10
 - 407s - loss: 0.0313 - acc: 0.9890
2019-11-30 15:19:51.966364: I tensorflow/core/common_runtime/gpu/gpu_device.cc:1511] Adding visible gpu devices: 0
2019-11-30 15:19:51.966938: I tensorflow/core/common_runtime/gpu/gpu_device.cc:982] Device interconnect StreamExecutor with strength 1 edge matrix:
2019-11-30 15:19:51.967001: I tensorflow/core/common_runtime/gpu/gpu_device.cc:988]      0 
2019-11-30 15:19:51.967047: I tensorflow/core/common_runtime/gpu/gpu_device.cc:1001] 0:   N 
2019-11-30 15:19:51.967315: I tensorflow/core/common_runtime/gpu/gpu_device.cc:1115] Created TensorFlow device (/job:localhost/replica:0/task:0/device:GPU:0 with 11378 MB memory) -> physical GPU (device: 0, name: TITAN Xp, pci bus id: 0000:84:00.0, compute capability: 6.1)
len preds: 1267
len y_test 1267
[[9.9876261e-01 1.2374128e-03]
 [9.9980360e-01 1.9642260e-04]
 [3.9182021e-04 9.9960822e-01]
 ...
 [9.3338631e-02 9.0666139e-01]
 [6.1454616e-02 9.3854541e-01]
 [9.9990225e-01 9.7687174e-05]]
Accuracy:  0.6227308602999211
F1 score:  0.5
Time taken to train and test first part:  4007.837693452835
Testing on kaggle
Kaggle labels: 
 1: unreliable, 0: reliable
len kaggle preds: 6728
len kaggle y_test 6728
[[1.9096568e-02 9.8090345e-01]
 [6.0767359e-01 3.9232641e-01]
 [9.9848098e-01 1.5190649e-03]
 ...
 [9.9916983e-01 8.3018537e-04]
 [9.8922938e-01 1.0770556e-02]
 [8.7237167e-01 1.2762839e-01]]
kaggle accuracy:  0.5766944114149821
kaggle F1 score:  0.6155507559395248
tn, fp, fn, tp
1600 1789 1059 2280
Testing on BS
BS labels: 1=fake, 0=real
len BS preds: 7257
len BS y_test 7257
[[0.51835847 0.48164153]
 [0.09388038 0.9061196 ]
 [0.99671835 0.00328158]
 ...
 [0.26081187 0.7391881 ]
 [0.31012088 0.6898791 ]
 [0.998393   0.00160697]]
BS accuracy:  0.5754443985117818
BS F1 score:  0.63238277055244
tn, fp, fn, tp
1526 1702 1379 2650
Done.
4333.885232210159
--------------------------------------
------------RANDOM SEED: 42 ------
trainingdata= liar
Training with Fake= 1
Training with Fake= 1
Training with Fake= 1
Epoch 1/10
 - 389s - loss: 0.6668 - acc: 0.5954
Epoch 2/10
 - 367s - loss: 0.6116 - acc: 0.6702
Epoch 3/10
 - 362s - loss: 0.4667 - acc: 0.7894
Epoch 4/10
 - 365s - loss: 0.2696 - acc: 0.8957
Epoch 5/10
 - 365s - loss: 0.1347 - acc: 0.9529
Epoch 6/10
 - 364s - loss: 0.0765 - acc: 0.9724
Epoch 7/10
 - 364s - loss: 0.0595 - acc: 0.9798
Epoch 8/10
 - 430s - loss: 0.0430 - acc: 0.9859
Epoch 9/10
 - 364s - loss: 0.0403 - acc: 0.9872
Epoch 10/10
 - 362s - loss: 0.0408 - acc: 0.9854
2019-11-30 16:28:47.479758: I tensorflow/core/common_runtime/gpu/gpu_device.cc:1511] Adding visible gpu devices: 0
2019-11-30 16:28:47.480265: I tensorflow/core/common_runtime/gpu/gpu_device.cc:982] Device interconnect StreamExecutor with strength 1 edge matrix:
2019-11-30 16:28:47.480318: I tensorflow/core/common_runtime/gpu/gpu_device.cc:988]      0 
2019-11-30 16:28:47.480369: I tensorflow/core/common_runtime/gpu/gpu_device.cc:1001] 0:   N 
2019-11-30 16:28:47.480583: I tensorflow/core/common_runtime/gpu/gpu_device.cc:1115] Created TensorFlow device (/job:localhost/replica:0/task:0/device:GPU:0 with 11378 MB memory) -> physical GPU (device: 0, name: TITAN Xp, pci bus id: 0000:84:00.0, compute capability: 6.1)
len preds: 1267
len y_test 1267
[[0.3106686  0.6893314 ]
 [0.6058647  0.3941353 ]
 [0.00999017 0.99000984]
 ...
 [0.04398225 0.95601773]
 [0.00860819 0.9913918 ]
 [0.03690799 0.96309197]]
Accuracy:  0.606156274664562
F1 score:  0.4818276220145379
Time taken to train and test first part:  3809.794618844986
Testing on kaggle
Kaggle labels: 
 1: unreliable, 0: reliable
len kaggle preds: 6728
len kaggle y_test 6728
[[6.3850373e-02 9.3614960e-01]
 [9.4259149e-01 5.7408560e-02]
 [9.9722892e-01 2.7710288e-03]
 ...
 [9.8431545e-01 1.5684543e-02]
 [9.9984825e-01 1.5177419e-04]
 [9.8358202e-01 1.6418034e-02]]
kaggle accuracy:  0.6340665873959572
kaggle F1 score:  0.6022617124394185
tn, fp, fn, tp
2402 987 1475 1864
Testing on BS
BS labels: 1=fake, 0=real
len BS preds: 7257
len BS y_test 7257
[[7.9019940e-01 2.0980057e-01]
 [9.7505945e-01 2.4940524e-02]
 [9.5848870e-01 4.1511230e-02]
 ...
 [2.7894410e-01 7.2105592e-01]
 [4.5510373e-01 5.4489625e-01]
 [9.9959582e-01 4.0419819e-04]]
BS accuracy:  0.5710348628910018
BS F1 score:  0.5849886681775763
tn, fp, fn, tp
1950 1278 1835 2194
Done.
4135.61607503891
--------------------------------------
------------RANDOM SEED: 1 ------
trainingdata= liar
Training with Fake= 1
Training with Fake= 1
Training with Fake= 1
Epoch 1/10
 - 385s - loss: 0.6763 - acc: 0.5775
Epoch 2/10
 - 365s - loss: 0.6165 - acc: 0.6705
Epoch 3/10
 - 365s - loss: 0.4658 - acc: 0.7915
Epoch 4/10
 - 362s - loss: 0.2299 - acc: 0.9102
Epoch 5/10
 - 368s - loss: 0.1250 - acc: 0.9567
Epoch 6/10
 - 392s - loss: 0.0727 - acc: 0.9754
Epoch 7/10
 - 423s - loss: 0.0434 - acc: 0.9865
Epoch 8/10
 - 404s - loss: 0.0452 - acc: 0.9835
Epoch 9/10
 - 382s - loss: 0.0529 - acc: 0.9810
Epoch 10/10
 - 413s - loss: 0.0410 - acc: 0.9887
2019-11-30 17:40:17.395529: I tensorflow/core/common_runtime/gpu/gpu_device.cc:1511] Adding visible gpu devices: 0
2019-11-30 17:40:17.396152: I tensorflow/core/common_runtime/gpu/gpu_device.cc:982] Device interconnect StreamExecutor with strength 1 edge matrix:
2019-11-30 17:40:17.412191: I tensorflow/core/common_runtime/gpu/gpu_device.cc:988]      0 
2019-11-30 17:40:17.412445: I tensorflow/core/common_runtime/gpu/gpu_device.cc:1001] 0:   N 
2019-11-30 17:40:17.429069: I tensorflow/core/common_runtime/gpu/gpu_device.cc:1115] Created TensorFlow device (/job:localhost/replica:0/task:0/device:GPU:0 with 11378 MB memory) -> physical GPU (device: 0, name: TITAN Xp, pci bus id: 0000:84:00.0, compute capability: 6.1)
len preds: 1267
len y_test 1267
[[0.03369079 0.96630925]
 [0.9972451  0.0027549 ]
 [0.00440438 0.99559563]
 ...
 [0.88350034 0.1164996 ]
 [0.00976989 0.99023014]
 [0.06539134 0.93460864]]
Accuracy:  0.6179952644041041
F1 score:  0.5130784708249496
Time taken to train and test first part:  3940.675009250641
Testing on kaggle
Kaggle labels: 
 1: unreliable, 0: reliable
len kaggle preds: 6728
len kaggle y_test 6728
[[6.2399405e-01 3.7600598e-01]
 [9.8390746e-01 1.6092574e-02]
 [9.8198557e-01 1.8014356e-02]
 ...
 [9.0882653e-01 9.1173425e-02]
 [9.9925452e-01 7.4549456e-04]
 [2.3163605e-01 7.6836395e-01]]
kaggle accuracy:  0.584423305588585
kaggle F1 score:  0.5510597302504817
tn, fp, fn, tp
2216 1173 1623 1716
Testing on BS
BS labels: 1=fake, 0=real
len BS preds: 7257
len BS y_test 7257
[[9.8328412e-01 1.6715884e-02]
 [9.8337698e-01 1.6623039e-02]
 [9.9925774e-01 7.4229459e-04]
 ...
 [3.3472132e-02 9.6652782e-01]
 [4.1848857e-02 9.5815110e-01]
 [9.7129482e-01 2.8705148e-02]]
BS accuracy:  0.5784759542510679
BS F1 score:  0.5767261657672617
tn, fp, fn, tp
2114 1114 1945 2084
Done.
4288.389127969742
--------------------------------------
------------RANDOM SEED: 4 ------
trainingdata= liar
Training with Fake= 1
Training with Fake= 1
Training with Fake= 1
Epoch 1/10
 - 471s - loss: 0.6677 - acc: 0.5961
Epoch 2/10
 - 443s - loss: 0.5960 - acc: 0.6896
Epoch 3/10
 - 492s - loss: 0.4240 - acc: 0.8157
Epoch 4/10
 - 548s - loss: 0.2392 - acc: 0.9080
Epoch 5/10
 - 515s - loss: 0.1305 - acc: 0.9542
Epoch 6/10
 - 447s - loss: 0.0802 - acc: 0.9730
Epoch 7/10
 - 478s - loss: 0.0481 - acc: 0.9839
Epoch 8/10
 - 509s - loss: 0.0394 - acc: 0.9869
Epoch 9/10
 - 506s - loss: 0.0312 - acc: 0.9890
Epoch 10/10
 - 505s - loss: 0.0390 - acc: 0.9861
Using TensorFlow backend.
len preds: 1267
len y_test 1267
[[9.0045389e-03 9.9099547e-01]
 [6.6871965e-01 3.3128029e-01]
 [2.8402495e-04 9.9971598e-01]
 ...
 [1.1225709e-02 9.8877430e-01]
 [3.8397896e-01 6.1602110e-01]
 [5.1263280e-02 9.4873673e-01]]
Accuracy:  0.6187845303867403
F1 score:  0.5324298160696999
Time taken to train and test first part:  5044.814255475998
Testing on kaggle
Kaggle labels: 
 1: unreliable, 0: reliable
len kaggle preds: 6728
len kaggle y_test 6728
[[0.02379478 0.9762053 ]
 [0.9956514  0.00434865]
 [0.9974848  0.00251511]
 ...
 [0.9610629  0.03893706]
 [0.98877907 0.01122092]
 [0.01007464 0.9899254 ]]
kaggle accuracy:  0.5983947681331748
kaggle F1 score:  0.5939284640817554
tn, fp, fn, tp
2050 1339 1363 1976
Testing on BS
BS labels: 1=fake, 0=real
len BS preds: 7257
len BS y_test 7257
[[0.9967751  0.00322486]
 [0.07757799 0.922422  ]
 [0.75011194 0.24988814]
 ...
 [0.01982107 0.9801789 ]
 [0.2499641  0.7500359 ]
 [0.625283   0.374717  ]]
BS accuracy:  0.5487115888108034
BS F1 score:  0.5881021255188027
tn, fp, fn, tp
1644 1584 1691 2338
Done.
5494.28028345108
2019-11-30 19:15:44.311031: I tensorflow/core/common_runtime/gpu/gpu_device.cc:1432] Found device 0 with properties: 
name: TITAN Xp major: 6 minor: 1 memoryClockRate(GHz): 1.582
pciBusID: 0000:84:00.0
totalMemory: 11.91GiB freeMemory: 11.76GiB
2019-11-30 19:15:44.311532: I tensorflow/core/common_runtime/gpu/gpu_device.cc:1511] Adding visible gpu devices: 0
2019-11-30 19:15:52.896269: I tensorflow/core/common_runtime/gpu/gpu_device.cc:982] Device interconnect StreamExecutor with strength 1 edge matrix:
2019-11-30 19:15:52.896457: I tensorflow/core/common_runtime/gpu/gpu_device.cc:988]      0 
2019-11-30 19:15:52.896604: I tensorflow/core/common_runtime/gpu/gpu_device.cc:1001] 0:   N 
2019-11-30 19:15:52.896964: I tensorflow/core/common_runtime/gpu/gpu_device.cc:1115] Created TensorFlow device (/job:localhost/replica:0/task:0/device:GPU:0 with 11378 MB memory) -> physical GPU (device: 0, name: TITAN Xp, pci bus id: 0000:84:00.0, compute capability: 6.1)
--------------------------------------
------------RANDOM SEED: 2 ------
trainingdata= kaggle
Kaggle labels: 
 1: unreliable, 0: reliable
9106 4553
Epoch 1/10
 - 475s - loss: 0.1199 - acc: 0.9520
Epoch 2/10
 - 420s - loss: 0.0238 - acc: 0.9919
Epoch 3/10
 - 419s - loss: 0.0134 - acc: 0.9948
Epoch 4/10
 - 422s - loss: 0.0154 - acc: 0.9958
Epoch 5/10
 - 401s - loss: 0.0131 - acc: 0.9960
Epoch 6/10
 - 416s - loss: 0.0134 - acc: 0.9963
Epoch 7/10
 - 443s - loss: 0.0149 - acc: 0.9947
Epoch 8/10
 - 397s - loss: 0.0070 - acc: 0.9985
Epoch 9/10
 - 393s - loss: 0.0118 - acc: 0.9966
Epoch 10/10
 - 397s - loss: 0.0050 - acc: 0.9981
2019-11-30 20:39:07.423029: I tensorflow/core/common_runtime/gpu/gpu_device.cc:1511] Adding visible gpu devices: 0
2019-11-30 20:39:07.439012: I tensorflow/core/common_runtime/gpu/gpu_device.cc:982] Device interconnect StreamExecutor with strength 1 edge matrix:
2019-11-30 20:39:07.439145: I tensorflow/core/common_runtime/gpu/gpu_device.cc:988]      0 
2019-11-30 20:39:07.439359: I tensorflow/core/common_runtime/gpu/gpu_device.cc:1001] 0:   N 
2019-11-30 20:39:07.439686: I tensorflow/core/common_runtime/gpu/gpu_device.cc:1115] Created TensorFlow device (/job:localhost/replica:0/task:0/device:GPU:0 with 11378 MB memory) -> physical GPU (device: 0, name: TITAN Xp, pci bus id: 0000:84:00.0, compute capability: 6.1)
len preds: 6728
len y_test 6728
[[5.8062578e-05 9.9994195e-01]
 [4.6609413e-05 9.9995339e-01]
 [9.9602485e-01 3.9751991e-03]
 ...
 [9.9998510e-01 1.4862994e-05]
 [9.9994743e-01 5.2575357e-05]
 [9.9998617e-01 1.3852000e-05]]
Accuracy:  0.9837990487514863
F1 score:  0.9836899595989825
Time taken to train and test first part:  4834.5477340221405
Testing on liar
Training with Fake= 1
Training with Fake= 1
Training with Fake= 1
len liar preds: 1267
len liar y_test 1267
[[3.2955621e-04 9.9967051e-01]
 [5.3219096e-06 9.9999464e-01]
 [1.3708906e-06 9.9999869e-01]
 ...
 [8.1240507e-03 9.9187589e-01]
 [1.7847182e-05 9.9998212e-01]
 [3.9775837e-03 9.9602240e-01]]
liar accuracy:  0.43567482241515393
liar F1 score:  0.6047540077390823
tn, fp, fn, tp
5 709 6 547
Testing on BS
BS labels: 1=fake, 0=real
len BS preds: 7257
len BS y_test 7257
[[6.78616405e-01 3.21383595e-01]
 [7.38095343e-02 9.26190436e-01]
 [1.17316276e-01 8.82683754e-01]
 ...
 [7.35301256e-01 2.64698684e-01]
 [5.58079034e-03 9.94419158e-01]
 [1.66373793e-04 9.99833584e-01]]
BS accuracy:  0.6815488493867989
BS F1 score:  0.7703011629062718
tn, fp, fn, tp
1071 2157 154 3875
Done.
5006.127478599548
--------------------------------------
------------RANDOM SEED: 16 ------
trainingdata= kaggle
Kaggle labels: 
 1: unreliable, 0: reliable
9106 4553
Epoch 1/10
 - 430s - loss: 0.1840 - acc: 0.9104
Epoch 2/10
 - 406s - loss: 0.0274 - acc: 0.9908
Epoch 3/10
 - 418s - loss: 0.0168 - acc: 0.9953
Epoch 4/10
 - 446s - loss: 0.0134 - acc: 0.9960
Epoch 5/10
 - 398s - loss: 0.0199 - acc: 0.9930
Epoch 6/10
 - 401s - loss: 0.0034 - acc: 0.9990
Epoch 7/10
 - 401s - loss: 0.0012 - acc: 0.9998
Epoch 8/10
 - 400s - loss: 0.0032 - acc: 0.9987
Epoch 9/10
 - 397s - loss: 0.0055 - acc: 0.9981
Epoch 10/10
 - 395s - loss: 0.0113 - acc: 0.9975
2019-11-30 21:59:19.238105: I tensorflow/core/common_runtime/gpu/gpu_device.cc:1511] Adding visible gpu devices: 0
2019-11-30 21:59:19.254522: I tensorflow/core/common_runtime/gpu/gpu_device.cc:982] Device interconnect StreamExecutor with strength 1 edge matrix:
2019-11-30 21:59:19.270665: I tensorflow/core/common_runtime/gpu/gpu_device.cc:988]      0 
2019-11-30 21:59:19.270720: I tensorflow/core/common_runtime/gpu/gpu_device.cc:1001] 0:   N 
2019-11-30 21:59:19.271036: I tensorflow/core/common_runtime/gpu/gpu_device.cc:1115] Created TensorFlow device (/job:localhost/replica:0/task:0/device:GPU:0 with 11378 MB memory) -> physical GPU (device: 0, name: TITAN Xp, pci bus id: 0000:84:00.0, compute capability: 6.1)
len preds: 6728
len y_test 6728
[[1.2536107e-04 9.9987459e-01]
 [1.2039945e-04 9.9987960e-01]
 [8.8480622e-01 1.1519377e-01]
 ...
 [9.9981779e-01 1.8220340e-04]
 [9.9928856e-01 7.1140315e-04]
 [9.9987197e-01 1.2797071e-04]]
Accuracy:  0.9837990487514863
F1 score:  0.9835719668425019
Time taken to train and test first part:  4642.734568119049
Testing on liar
Training with Fake= 1
Training with Fake= 1
Training with Fake= 1
len liar preds: 1267
len liar y_test 1267
[[5.0019880e-05 9.9994993e-01]
 [1.5224445e-01 8.4775555e-01]
 [2.8605171e-04 9.9971396e-01]
 ...
 [1.7331359e-01 8.2668644e-01]
 [1.8621633e-03 9.9813783e-01]
 [3.0298091e-03 9.9697018e-01]]
liar accuracy:  0.4451460142067877
liar F1 score:  0.5998861696072852
tn, fp, fn, tp
37 677 26 527
Testing on BS
BS labels: 1=fake, 0=real
len BS preds: 7257
len BS y_test 7257
[[3.2406113e-01 6.7593890e-01]
 [9.3667686e-01 6.3323207e-02]
 [9.7933000e-01 2.0669991e-02]
 ...
 [9.9900705e-01 9.9293655e-04]
 [4.3692115e-01 5.6307888e-01]
 [1.7675320e-02 9.8232472e-01]]
BS accuracy:  0.7328097009783657
BS F1 score:  0.7965585982583151
tn, fp, fn, tp
1522 1706 233 3796
Done.
4812.821907281876
--------------------------------------
------------RANDOM SEED: 42 ------
trainingdata= kaggle
Kaggle labels: 
 1: unreliable, 0: reliable
9106 4553
Epoch 1/10
 - 464s - loss: 0.1320 - acc: 0.9419
Epoch 2/10
 - 398s - loss: 0.0289 - acc: 0.9907
Epoch 3/10
 - 396s - loss: 0.0170 - acc: 0.9931
Epoch 4/10
 - 396s - loss: 0.0071 - acc: 0.9974
Epoch 5/10
 - 399s - loss: 0.0101 - acc: 0.9977
Epoch 6/10
 - 390s - loss: 0.0204 - acc: 0.9952
Epoch 7/10
 - 395s - loss: 0.0226 - acc: 0.9929
Epoch 8/10
 - 399s - loss: 0.0088 - acc: 0.9978
Epoch 9/10
 - 444s - loss: 0.0032 - acc: 0.9993
Epoch 10/10
 - 446s - loss: 0.0033 - acc: 0.9996
2019-11-30 23:20:02.276785: I tensorflow/core/common_runtime/gpu/gpu_device.cc:1511] Adding visible gpu devices: 0
2019-11-30 23:20:02.293660: I tensorflow/core/common_runtime/gpu/gpu_device.cc:982] Device interconnect StreamExecutor with strength 1 edge matrix:
2019-11-30 23:20:02.293794: I tensorflow/core/common_runtime/gpu/gpu_device.cc:988]      0 
2019-11-30 23:20:02.309928: I tensorflow/core/common_runtime/gpu/gpu_device.cc:1001] 0:   N 
2019-11-30 23:20:02.310398: I tensorflow/core/common_runtime/gpu/gpu_device.cc:1115] Created TensorFlow device (/job:localhost/replica:0/task:0/device:GPU:0 with 11378 MB memory) -> physical GPU (device: 0, name: TITAN Xp, pci bus id: 0000:84:00.0, compute capability: 6.1)
len preds: 6728
len y_test 6728
[[1.4182720e-03 9.9858177e-01]
 [1.0440268e-03 9.9895597e-01]
 [9.9990094e-01 9.9079582e-05]
 ...
 [9.9993634e-01 6.3594503e-05]
 [9.9982411e-01 1.7593907e-04]
 [9.9994099e-01 5.9001970e-05]]
Accuracy:  0.9823127229488704
F1 score:  0.982021453391751
Time taken to train and test first part:  4674.46098446846
Testing on liar
Training with Fake= 1
Training with Fake= 1
Training with Fake= 1
len liar preds: 1267
len liar y_test 1267
[[1.3009346e-03 9.9869907e-01]
 [6.8860102e-01 3.1139901e-01]
 [9.9084573e-04 9.9900913e-01]
 ...
 [6.9479185e-01 3.0520821e-01]
 [1.2311431e-03 9.9876887e-01]
 [1.3705740e-03 9.9862945e-01]]
liar accuracy:  0.468034727703236
liar F1 score:  0.5944645006016848
tn, fp, fn, tp
99 615 59 494
Testing on BS
BS labels: 1=fake, 0=real
len BS preds: 7257
len BS y_test 7257
[[9.9973577e-01 2.6425120e-04]
 [9.7849154e-01 2.1508437e-02]
 [9.9868339e-01 1.3166224e-03]
 ...
 [9.9989593e-01 1.0408948e-04]
 [6.0615629e-02 9.3938440e-01]
 [1.1558881e-03 9.9884403e-01]]
BS accuracy:  0.767259198015709
BS F1 score:  0.7999526234750681
tn, fp, fn, tp
2191 1037 652 3377
Done.
4844.783642530441
--------------------------------------
------------RANDOM SEED: 1 ------
trainingdata= kaggle
Kaggle labels: 
 1: unreliable, 0: reliable
9106 4553
Epoch 1/10
 - 436s - loss: 0.1704 - acc: 0.9217
Epoch 2/10
 - 575s - loss: 0.0246 - acc: 0.9934
Epoch 3/10
 - 966s - loss: 0.0097 - acc: 0.9968
Epoch 4/10
 - 1096s - loss: 0.0156 - acc: 0.9947
Epoch 5/10
 - 1113s - loss: 0.0113 - acc: 0.9968
Epoch 6/10
 - 1045s - loss: 0.0107 - acc: 0.9965
Epoch 7/10
 - 1129s - loss: 5.9407e-05 - acc: 1.0000
Epoch 8/10
 - 1167s - loss: 2.0435e-05 - acc: 1.0000
Epoch 9/10
 - 1060s - loss: 6.2384e-06 - acc: 1.0000
Epoch 10/10
 - 1078s - loss: 8.9287e-06 - acc: 1.0000
2019-12-01 02:20:24.762664: I tensorflow/core/common_runtime/gpu/gpu_device.cc:1511] Adding visible gpu devices: 0
2019-12-01 02:20:24.804130: I tensorflow/core/common_runtime/gpu/gpu_device.cc:982] Device interconnect StreamExecutor with strength 1 edge matrix:
2019-12-01 02:20:24.804512: I tensorflow/core/common_runtime/gpu/gpu_device.cc:988]      0 
2019-12-01 02:20:24.845979: I tensorflow/core/common_runtime/gpu/gpu_device.cc:1001] 0:   N 
2019-12-01 02:20:24.887919: I tensorflow/core/common_runtime/gpu/gpu_device.cc:1115] Created TensorFlow device (/job:localhost/replica:0/task:0/device:GPU:0 with 11378 MB memory) -> physical GPU (device: 0, name: TITAN Xp, pci bus id: 0000:84:00.0, compute capability: 6.1)
len preds: 6728
len y_test 6728
[[4.6810013e-07 9.9999952e-01]
 [6.9212643e-07 9.9999928e-01]
 [9.9995208e-01 4.7968701e-05]
 ...
 [9.9999905e-01 1.0079707e-06]
 [9.9999940e-01 5.9641485e-07]
 [9.9999940e-01 5.6022003e-07]]
Accuracy:  0.987217598097503
F1 score:  0.987087087087087
Time taken to train and test first part:  10396.094119787216
Testing on liar
Training with Fake= 1
Training with Fake= 1
Training with Fake= 1
len liar preds: 1267
len liar y_test 1267
[[2.1817909e-06 9.9999785e-01]
 [9.9531049e-01 4.6894765e-03]
 [7.8109315e-07 9.9999917e-01]
 ...
 [9.9825400e-01 1.7459838e-03]
 [1.2442465e-04 9.9987555e-01]
 [7.2379626e-06 9.9999273e-01]]
liar accuracy:  0.4711917916337806
liar F1 score:  0.5904645476772616
tn, fp, fn, tp
114 600 70 483
Testing on BS
BS labels: 1=fake, 0=real
len BS preds: 7257
len BS y_test 7257
[[9.9602795e-01 3.9720736e-03]
 [3.2418757e-04 9.9967587e-01]
 [9.2451358e-01 7.5486444e-02]
 ...
 [9.9961996e-01 3.8000551e-04]
 [1.1223441e-04 9.9988770e-01]
 [5.3832895e-07 9.9999940e-01]]
BS accuracy:  0.6604657571999449
BS F1 score:  0.7629401577833366
tn, fp, fn, tp
828 2400 64 3965
Done.
10814.28904414177
--------------------------------------
------------RANDOM SEED: 4 ------
trainingdata= kaggle
Kaggle labels: 
 1: unreliable, 0: reliable
9106 4553
Epoch 1/10
 - 1004s - loss: 0.1532 - acc: 0.9352
Epoch 2/10
 - 472s - loss: 0.0301 - acc: 0.9906
Epoch 3/10
 - 451s - loss: 0.0090 - acc: 0.9970
Epoch 4/10
 - 498s - loss: 0.0159 - acc: 0.9959
Epoch 5/10
 - 550s - loss: 0.0120 - acc: 0.9964
Epoch 6/10
 - 616s - loss: 0.0103 - acc: 0.9969
Epoch 7/10
 - 607s - loss: 0.0060 - acc: 0.9978
Epoch 8/10
 - 572s - loss: 1.0603e-04 - acc: 1.0000
Epoch 9/10
 - 628s - loss: 0.0024 - acc: 0.9991
Epoch 10/10
 - 600s - loss: 0.0063 - acc: 0.9985
Using TensorFlow backend.
len preds: 6728
len y_test 6728
[[6.9311463e-06 9.9999309e-01]
 [3.8139658e-06 9.9999619e-01]
 [9.9998093e-01 1.9053250e-05]
 ...
 [9.9998689e-01 1.3165798e-05]
 [9.9998009e-01 1.9962859e-05]
 [9.9995458e-01 4.5400378e-05]]
Accuracy:  0.9713139120095124
F1 score:  0.9703122596523613
Time taken to train and test first part:  6898.2880709171295
Testing on liar
Training with Fake= 1
Training with Fake= 1
Training with Fake= 1
len liar preds: 1267
len liar y_test 1267
[[4.4508561e-06 9.9999559e-01]
 [4.9372077e-02 9.5062792e-01]
 [8.3385839e-06 9.9999166e-01]
 ...
 [9.5535779e-01 4.4642255e-02]
 [3.9766362e-01 6.0233635e-01]
 [9.9998355e-01 1.6460852e-05]]
liar accuracy:  0.48066298342541436
liar F1 score:  0.5835443037974682
tn, fp, fn, tp
148 566 92 461
Testing on BS
BS labels: 1=fake, 0=real
len BS preds: 7257
len BS y_test 7257
[[9.9992943e-01 7.0551483e-05]
 [9.9998212e-01 1.7939208e-05]
 [9.9996126e-01 3.8744365e-05]
 ...
 [9.9997735e-01 2.2665436e-05]
 [5.0089574e-01 4.9910429e-01]
 [1.1915403e-02 9.8808461e-01]]
BS accuracy:  0.7544439851178173
BS F1 score:  0.7929832713754646
tn, fp, fn, tp
2062 1166 616 3413
Done.
7132.940011262894
2019-12-01 04:23:51.609449: I tensorflow/core/common_runtime/gpu/gpu_device.cc:1432] Found device 0 with properties: 
name: TITAN Xp major: 6 minor: 1 memoryClockRate(GHz): 1.582
pciBusID: 0000:84:00.0
totalMemory: 11.91GiB freeMemory: 11.76GiB
2019-12-01 04:23:51.642199: I tensorflow/core/common_runtime/gpu/gpu_device.cc:1511] Adding visible gpu devices: 0
2019-12-01 04:24:02.117532: I tensorflow/core/common_runtime/gpu/gpu_device.cc:982] Device interconnect StreamExecutor with strength 1 edge matrix:
2019-12-01 04:24:02.131364: I tensorflow/core/common_runtime/gpu/gpu_device.cc:988]      0 
2019-12-01 04:24:02.131514: I tensorflow/core/common_runtime/gpu/gpu_device.cc:1001] 0:   N 
2019-12-01 04:24:02.131972: I tensorflow/core/common_runtime/gpu/gpu_device.cc:1115] Created TensorFlow device (/job:localhost/replica:0/task:0/device:GPU:0 with 11378 MB memory) -> physical GPU (device: 0, name: TITAN Xp, pci bus id: 0000:84:00.0, compute capability: 6.1)
--------------------------------------
------------RANDOM SEED: 2 ------
trainingdata= BS
BS labels: 1=fake, 0=real
9822 4911
Epoch 1/10
 - 506s - loss: 0.3526 - acc: 0.8413
Epoch 2/10
 - 426s - loss: 0.1188 - acc: 0.9557
Epoch 3/10
 - 440s - loss: 0.0450 - acc: 0.9835
Epoch 4/10
 - 430s - loss: 0.0406 - acc: 0.9852
Epoch 5/10
 - 446s - loss: 0.0225 - acc: 0.9919
Epoch 6/10
 - 456s - loss: 0.0163 - acc: 0.9948
Epoch 7/10
 - 430s - loss: 0.0149 - acc: 0.9954
Epoch 8/10
 - 382s - loss: 0.0389 - acc: 0.9874
Epoch 9/10
 - 353s - loss: 0.0136 - acc: 0.9960
Epoch 10/10
 - 359s - loss: 0.0130 - acc: 0.9956
2019-12-01 05:45:10.831561: I tensorflow/core/common_runtime/gpu/gpu_device.cc:1511] Adding visible gpu devices: 0
2019-12-01 05:45:10.832156: I tensorflow/core/common_runtime/gpu/gpu_device.cc:982] Device interconnect StreamExecutor with strength 1 edge matrix:
2019-12-01 05:45:10.832215: I tensorflow/core/common_runtime/gpu/gpu_device.cc:988]      0 
2019-12-01 05:45:10.832260: I tensorflow/core/common_runtime/gpu/gpu_device.cc:1001] 0:   N 
2019-12-01 05:45:10.832474: I tensorflow/core/common_runtime/gpu/gpu_device.cc:1115] Created TensorFlow device (/job:localhost/replica:0/task:0/device:GPU:0 with 11378 MB memory) -> physical GPU (device: 0, name: TITAN Xp, pci bus id: 0000:84:00.0, compute capability: 6.1)
len preds: 7257
len y_test 7257
[[1.2607968e-05 9.9998736e-01]
 [9.8243099e-01 1.7569005e-02]
 [9.9998438e-01 1.5644191e-05]
 ...
 [9.9997818e-01 2.1851894e-05]
 [9.9997950e-01 2.0530371e-05]
 [4.5524679e-02 9.5447534e-01]]
Accuracy:  0.9076753479399201
F1 score:  0.9180327868852459
Time taken to train and test first part:  4695.666020870209
Testing on liar
Training with Fake= 1
Training with Fake= 1
Training with Fake= 1
len liar preds: 1267
len liar y_test 1267
[[1.2182309e-05 9.9998784e-01]
 [5.9083004e-06 9.9999404e-01]
 [2.6191622e-06 9.9999738e-01]
 ...
 [5.4657721e-06 9.9999452e-01]
 [4.4562885e-06 9.9999559e-01]
 [1.2131020e-04 9.9987864e-01]]
liar accuracy:  0.4404104183109708
liar F1 score:  0.6089354660783232
tn, fp, fn, tp
6 708 1 552
Testing on kaggle
Kaggle labels: 
 1: unreliable, 0: reliable
len kaggle preds: 6728
len kaggle y_test 6728
[[3.8548489e-05 9.9996150e-01]
 [3.1597865e-06 9.9999678e-01]
 [9.9973315e-01 2.6682744e-04]
 ...
 [2.3747988e-04 9.9976248e-01]
 [8.5913271e-01 1.4086731e-01]
 [9.0472487e-05 9.9990952e-01]]
kaggle accuracy:  0.6438763376932224
kaggle F1 score:  0.7301193962604191
tn, fp, fn, tp
1091 2298 98 3241
Done.
4887.465978860855
--------------------------------------
------------RANDOM SEED: 16 ------
trainingdata= BS
BS labels: 1=fake, 0=real
9822 4911
Epoch 1/10
 - 370s - loss: 0.4066 - acc: 0.8135
Epoch 2/10
 - 349s - loss: 0.1457 - acc: 0.9468
Epoch 3/10
 - 379s - loss: 0.0540 - acc: 0.9808
Epoch 4/10
 - 364s - loss: 0.0216 - acc: 0.9934
Epoch 5/10
 - 348s - loss: 0.0376 - acc: 0.9878
Epoch 6/10
 - 351s - loss: 0.0426 - acc: 0.9853
Epoch 7/10
 - 351s - loss: 0.0161 - acc: 0.9941
Epoch 8/10
 - 365s - loss: 0.0126 - acc: 0.9957
Epoch 9/10
 - 347s - loss: 0.0096 - acc: 0.9974
Epoch 10/10
 - 346s - loss: 0.0061 - acc: 0.9985
2019-12-01 06:53:42.137344: I tensorflow/core/common_runtime/gpu/gpu_device.cc:1511] Adding visible gpu devices: 0
2019-12-01 06:53:42.137876: I tensorflow/core/common_runtime/gpu/gpu_device.cc:982] Device interconnect StreamExecutor with strength 1 edge matrix:
2019-12-01 06:53:42.137926: I tensorflow/core/common_runtime/gpu/gpu_device.cc:988]      0 
2019-12-01 06:53:42.137969: I tensorflow/core/common_runtime/gpu/gpu_device.cc:1001] 0:   N 
2019-12-01 06:53:42.138172: I tensorflow/core/common_runtime/gpu/gpu_device.cc:1115] Created TensorFlow device (/job:localhost/replica:0/task:0/device:GPU:0 with 11378 MB memory) -> physical GPU (device: 0, name: TITAN Xp, pci bus id: 0000:84:00.0, compute capability: 6.1)
len preds: 7257
len y_test 7257
[[1.8801422e-04 9.9981207e-01]
 [9.9949467e-01 5.0536048e-04]
 [9.9981588e-01 1.8416629e-04]
 ...
 [9.9992859e-01 7.1389048e-05]
 [9.9640071e-01 3.5992791e-03]
 [1.2107466e-02 9.8789251e-01]]
Accuracy:  0.899131872674659
F1 score:  0.9119769119769119
Time taken to train and test first part:  3918.4736428260803
Testing on liar
Training with Fake= 1
Training with Fake= 1
Training with Fake= 1
len liar preds: 1267
len liar y_test 1267
[[1.45244267e-04 9.99854684e-01]
 [5.03081537e-05 9.99949694e-01]
 [3.56342243e-05 9.99964356e-01]
 ...
 [2.51490128e-05 9.99974847e-01]
 [2.73204751e-05 9.99972701e-01]
 [1.18955846e-04 9.99881029e-01]]
liar accuracy:  0.4388318863456985
liar F1 score:  0.6078323221180364
tn, fp, fn, tp
5 709 2 551
Testing on kaggle
Kaggle labels: 
 1: unreliable, 0: reliable
len kaggle preds: 6728
len kaggle y_test 6728
[[1.7773276e-04 9.9982232e-01]
 [2.7889078e-05 9.9997211e-01]
 [8.8974312e-02 9.1102570e-01]
 ...
 [2.7236724e-04 9.9972767e-01]
 [4.3415375e-02 9.5658463e-01]
 [8.5491268e-04 9.9914503e-01]]
kaggle accuracy:  0.6409036860879905
kaggle F1 score:  0.7300558659217877
tn, fp, fn, tp
1045 2344 72 3267
Done.
4111.198297739029
--------------------------------------
------------RANDOM SEED: 42 ------
trainingdata= BS
BS labels: 1=fake, 0=real
9822 4911
Epoch 1/10
 - 374s - loss: 0.4029 - acc: 0.8115
Epoch 2/10
 - 397s - loss: 0.1720 - acc: 0.9323
Epoch 3/10
 - 350s - loss: 0.0567 - acc: 0.9821
Epoch 4/10
 - 352s - loss: 0.0432 - acc: 0.9862
Epoch 5/10
 - 351s - loss: 0.0367 - acc: 0.9887
Epoch 6/10
 - 359s - loss: 0.0222 - acc: 0.9930
Epoch 7/10
 - 365s - loss: 0.0157 - acc: 0.9955
Epoch 8/10
 - 350s - loss: 0.0138 - acc: 0.9957
Epoch 9/10
 - 352s - loss: 0.0128 - acc: 0.9962
Epoch 10/10
 - 348s - loss: 0.0162 - acc: 0.9955
2019-12-01 08:02:43.422124: I tensorflow/core/common_runtime/gpu/gpu_device.cc:1511] Adding visible gpu devices: 0
2019-12-01 08:02:43.422675: I tensorflow/core/common_runtime/gpu/gpu_device.cc:982] Device interconnect StreamExecutor with strength 1 edge matrix:
2019-12-01 08:02:43.422737: I tensorflow/core/common_runtime/gpu/gpu_device.cc:988]      0 
2019-12-01 08:02:43.422793: I tensorflow/core/common_runtime/gpu/gpu_device.cc:1001] 0:   N 
2019-12-01 08:02:43.423021: I tensorflow/core/common_runtime/gpu/gpu_device.cc:1115] Created TensorFlow device (/job:localhost/replica:0/task:0/device:GPU:0 with 11378 MB memory) -> physical GPU (device: 0, name: TITAN Xp, pci bus id: 0000:84:00.0, compute capability: 6.1)
len preds: 7257
len y_test 7257
[[2.7260068e-05 9.9997270e-01]
 [9.8226780e-01 1.7732212e-02]
 [9.9957210e-01 4.2791385e-04]
 ...
 [9.9957556e-01 4.2446278e-04]
 [9.9391407e-01 6.0858661e-03]
 [4.7008209e-03 9.9529910e-01]]
Accuracy:  0.9018878324376464
F1 score:  0.9141961918534587
Time taken to train and test first part:  3946.5178484916687
Testing on liar
Training with Fake= 1
Training with Fake= 1
Training with Fake= 1
len liar preds: 1267
len liar y_test 1267
[[1.6584956e-05 9.9998343e-01]
 [7.9929155e-01 2.0070845e-01]
 [1.3198936e-05 9.9998677e-01]
 ...
 [1.0976065e-05 9.9998903e-01]
 [8.7693215e-06 9.9999118e-01]
 [1.4811506e-05 9.9998522e-01]]
liar accuracy:  0.44119968429360695
liar F1 score:  0.6035834266517357
tn, fp, fn, tp
20 694 14 539
Testing on kaggle
Kaggle labels: 
 1: unreliable, 0: reliable
len kaggle preds: 6728
len kaggle y_test 6728
[[5.99656196e-04 9.99400377e-01]
 [6.48091827e-06 9.99993563e-01]
 [9.88120437e-01 1.18796015e-02]
 ...
 [5.28097805e-03 9.94719028e-01]
 [2.38457471e-02 9.76154268e-01]
 [1.22950541e-05 9.99987721e-01]]
kaggle accuracy:  0.6357015457788348
kaggle F1 score:  0.7242659466756666
tn, fp, fn, tp
1058 2331 120 3219
Done.
4141.288230419159
--------------------------------------
------------RANDOM SEED: 1 ------
trainingdata= BS
BS labels: 1=fake, 0=real
9822 4911
Epoch 1/10
 - 374s - loss: 0.4408 - acc: 0.7888
Epoch 2/10
 - 350s - loss: 0.1815 - acc: 0.9281
Epoch 3/10
 - 350s - loss: 0.0648 - acc: 0.9769
Epoch 4/10
 - 350s - loss: 0.0257 - acc: 0.9917
Epoch 5/10
 - 365s - loss: 0.0474 - acc: 0.9844
Epoch 6/10
 - 352s - loss: 0.0180 - acc: 0.9948
Epoch 7/10
 - 351s - loss: 0.0106 - acc: 0.9971
Epoch 8/10
 - 349s - loss: 0.0153 - acc: 0.9958
Epoch 9/10
 - 356s - loss: 0.0615 - acc: 0.9819
Epoch 10/10
 - 366s - loss: 0.0326 - acc: 0.9896
2019-12-01 09:11:23.424840: I tensorflow/core/common_runtime/gpu/gpu_device.cc:1511] Adding visible gpu devices: 0
2019-12-01 09:11:23.425424: I tensorflow/core/common_runtime/gpu/gpu_device.cc:982] Device interconnect StreamExecutor with strength 1 edge matrix:
2019-12-01 09:11:23.425487: I tensorflow/core/common_runtime/gpu/gpu_device.cc:988]      0 
2019-12-01 09:11:23.425541: I tensorflow/core/common_runtime/gpu/gpu_device.cc:1001] 0:   N 
2019-12-01 09:11:23.425772: I tensorflow/core/common_runtime/gpu/gpu_device.cc:1115] Created TensorFlow device (/job:localhost/replica:0/task:0/device:GPU:0 with 11378 MB memory) -> physical GPU (device: 0, name: TITAN Xp, pci bus id: 0000:84:00.0, compute capability: 6.1)
len preds: 7257
len y_test 7257
[[5.4817869e-05 9.9994516e-01]
 [9.5197201e-01 4.8028018e-02]
 [9.9976891e-01 2.3107399e-04]
 ...
 [9.9640501e-01 3.5950097e-03]
 [9.9924904e-01 7.5092842e-04]
 [7.8447607e-05 9.9992156e-01]]
Accuracy:  0.8870056497175142
F1 score:  0.8988153998025665
Time taken to train and test first part:  3924.3170318603516
Testing on liar
Training with Fake= 1
Training with Fake= 1
Training with Fake= 1
len liar preds: 1267
len liar y_test 1267
[[3.2267821e-04 9.9967730e-01]
 [3.0799021e-03 9.9692011e-01]
 [6.1644729e-05 9.9993837e-01]
 ...
 [4.7507721e-05 9.9995244e-01]
 [4.9095604e-05 9.9995089e-01]
 [1.4790360e-04 9.9985206e-01]]
liar accuracy:  0.44119968429360695
liar F1 score:  0.5990939977349943
tn, fp, fn, tp
30 684 24 529
Testing on kaggle
Kaggle labels: 
 1: unreliable, 0: reliable
len kaggle preds: 6728
len kaggle y_test 6728
[[7.0467839e-05 9.9992955e-01]
 [7.5713688e-05 9.9992430e-01]
 [9.9968481e-01 3.1523762e-04]
 ...
 [3.6731772e-02 9.6326822e-01]
 [7.6144534e-01 2.3855466e-01]
 [6.1740029e-05 9.9993825e-01]]
kaggle accuracy:  0.6572532699167658
kaggle F1 score:  0.7330400555684187
tn, fp, fn, tp
1256 2133 173 3166
Done.
4119.993510484695
--------------------------------------
------------RANDOM SEED: 4 ------
trainingdata= BS
BS labels: 1=fake, 0=real
9822 4911
Epoch 1/10
 - 379s - loss: 0.3516 - acc: 0.8464
Epoch 2/10
 - 377s - loss: 0.1322 - acc: 0.9526
Epoch 3/10
 - 394s - loss: 0.0513 - acc: 0.9825
Epoch 4/10
 - 391s - loss: 0.0485 - acc: 0.9819
Epoch 5/10
 - 347s - loss: 0.0188 - acc: 0.9933
Epoch 6/10
 - 347s - loss: 0.0153 - acc: 0.9956
Epoch 7/10
 - 345s - loss: 0.0224 - acc: 0.9918
Epoch 8/10
 - 351s - loss: 0.0105 - acc: 0.9966
Epoch 9/10
 - 418s - loss: 0.0106 - acc: 0.9969
Epoch 10/10
 - 393s - loss: 0.0196 - acc: 0.9932
Using TensorFlow backend.
len preds: 7257
len y_test 7257
[[4.7753417e-04 9.9952245e-01]
 [9.9991047e-01 8.9492845e-05]
 [9.9997199e-01 2.8028124e-05]
 ...
 [9.9994004e-01 5.9952839e-05]
 [9.9999571e-01 4.3191994e-06]
 [5.9801596e-01 4.0198404e-01]]
Accuracy:  0.9067107620228745
F1 score:  0.9161402204880467
Time taken to train and test first part:  4094.6834769248962
Testing on liar
Training with Fake= 1
Training with Fake= 1
Training with Fake= 1
len liar preds: 1267
len liar y_test 1267
[[1.3172759e-04 9.9986827e-01]
 [3.4759887e-05 9.9996519e-01]
 [8.3038976e-06 9.9999166e-01]
 ...
 [2.5326948e-05 9.9997473e-01]
 [1.9670133e-05 9.9998033e-01]
 [3.4101642e-05 9.9996591e-01]]
liar accuracy:  0.44277821625887925
liar F1 score:  0.6042600896860987
tn, fp, fn, tp
22 692 14 539
Testing on kaggle
Kaggle labels: 
 1: unreliable, 0: reliable
len kaggle preds: 6728
len kaggle y_test 6728
[[1.1532151e-03 9.9884677e-01]
 [1.5932685e-05 9.9998403e-01]
 [9.7581851e-01 2.4181468e-02]
 ...
 [1.2465932e-02 9.8753405e-01]
 [9.9292058e-01 7.0794076e-03]
 [2.1370598e-03 9.9786299e-01]]
kaggle accuracy:  0.6542806183115338
kaggle F1 score:  0.7322127561593369
tn, fp, fn, tp
1222 2167 159 3180
Done.
4304.06302189827
