3
2019-08-29 10:53:18.680780: I tensorflow/core/platform/cpu_feature_guard.cc:141] Your CPU supports instructions that this TensorFlow binary was not compiled to use: AVX2 FMA
2019-08-29 10:53:18.842002: I tensorflow/core/common_runtime/gpu/gpu_device.cc:1432] Found device 0 with properties: 
name: TITAN X (Pascal) major: 6 minor: 1 memoryClockRate(GHz): 1.531
pciBusID: 0000:84:00.0
totalMemory: 11.91GiB freeMemory: 9.41GiB
2019-08-29 10:53:18.842047: I tensorflow/core/common_runtime/gpu/gpu_device.cc:1511] Adding visible gpu devices: 0
2019-08-29 10:53:19.309413: I tensorflow/core/common_runtime/gpu/gpu_device.cc:982] Device interconnect StreamExecutor with strength 1 edge matrix:
2019-08-29 10:53:19.309459: I tensorflow/core/common_runtime/gpu/gpu_device.cc:988]      0 
2019-08-29 10:53:19.309484: I tensorflow/core/common_runtime/gpu/gpu_device.cc:1001] 0:   N 
2019-08-29 10:53:19.309670: I tensorflow/core/common_runtime/gpu/gpu_device.cc:1115] Created TensorFlow device (/job:localhost/replica:0/task:0/device:GPU:0 with 9089 MB memory) -> physical GPU (device: 0, name: TITAN X (Pascal), pci bus id: 0000:84:00.0, compute capability: 6.1)
trainingdata= FNC
FNC labels: 
 1: Fake, 0: Reliable
22333 11167
train seq shape (22333, 100)
(22333, 2)
Parameters:: num_cells: 32 num_samples: 22333 embedding_size: 300 epochs: 100 batch_size: 64
(?, 100)
fitting model..
Train on 22333 samples, validate on 11167 samples
Epoch 1/100
 - 127s - loss: 0.1561 - acc: 0.9387 - val_loss: 0.0562 - val_acc: 0.9820
Epoch 2/100
 - 121s - loss: 0.0517 - acc: 0.9822 - val_loss: 0.0414 - val_acc: 0.9859
Epoch 3/100
 - 120s - loss: 0.0247 - acc: 0.9918 - val_loss: 0.0380 - val_acc: 0.9886
Epoch 4/100
 - 122s - loss: 0.0116 - acc: 0.9961 - val_loss: 0.0342 - val_acc: 0.9899
Epoch 5/100
 - 122s - loss: 0.0065 - acc: 0.9980 - val_loss: 0.0472 - val_acc: 0.9898
Epoch 6/100
 - 122s - loss: 0.0029 - acc: 0.9989 - val_loss: 0.0601 - val_acc: 0.9882
Epoch 7/100
 - 122s - loss: 0.0019 - acc: 0.9994 - val_loss: 0.0497 - val_acc: 0.9896
Epoch 8/100
 - 122s - loss: 0.0018 - acc: 0.9994 - val_loss: 0.0433 - val_acc: 0.9901
Epoch 9/100
 - 122s - loss: 0.0013 - acc: 0.9997 - val_loss: 0.0759 - val_acc: 0.9885
Epoch 10/100
 - 122s - loss: 0.0014 - acc: 0.9997 - val_loss: 0.0545 - val_acc: 0.9890
Epoch 11/100
 - 122s - loss: 0.0011 - acc: 0.9996 - val_loss: 0.0591 - val_acc: 0.9896
Epoch 12/100
 - 121s - loss: 5.2351e-04 - acc: 0.9999 - val_loss: 0.0592 - val_acc: 0.9900
Epoch 13/100
 - 118s - loss: 7.0826e-04 - acc: 0.9997 - val_loss: 0.0647 - val_acc: 0.9893
Epoch 14/100
 - 123s - loss: 8.6534e-04 - acc: 0.9998 - val_loss: 0.0572 - val_acc: 0.9897
Epoch 15/100
 - 122s - loss: 5.3665e-04 - acc: 0.9999 - val_loss: 0.0692 - val_acc: 0.9889
Epoch 16/100
 - 121s - loss: 2.1499e-04 - acc: 1.0000 - val_loss: 0.0579 - val_acc: 0.9901
Epoch 17/100
 - 123s - loss: 1.8940e-04 - acc: 1.0000 - val_loss: 0.0567 - val_acc: 0.9904
Epoch 18/100
 - 122s - loss: 1.6481e-04 - acc: 0.9999 - val_loss: 0.0722 - val_acc: 0.9891
Epoch 19/100
 - 121s - loss: 4.9786e-04 - acc: 0.9999 - val_loss: 0.0712 - val_acc: 0.9891
Epoch 20/100
 - 122s - loss: 6.3142e-05 - acc: 1.0000 - val_loss: 0.0737 - val_acc: 0.9894
Epoch 21/100
 - 122s - loss: 6.5580e-05 - acc: 1.0000 - val_loss: 0.1134 - val_acc: 0.9878
Epoch 22/100
 - 122s - loss: 6.6550e-05 - acc: 1.0000 - val_loss: 0.0767 - val_acc: 0.9897
Epoch 23/100
 - 119s - loss: 4.9951e-05 - acc: 1.0000 - val_loss: 0.0718 - val_acc: 0.9897
Epoch 24/100
 - 121s - loss: 1.1122e-04 - acc: 1.0000 - val_loss: 0.0580 - val_acc: 0.9889
Epoch 25/100
 - 122s - loss: 2.4672e-04 - acc: 0.9998 - val_loss: 0.0740 - val_acc: 0.9901
Epoch 26/100
 - 121s - loss: 4.7546e-05 - acc: 1.0000 - val_loss: 0.0827 - val_acc: 0.9896
Epoch 27/100
 - 121s - loss: 3.1055e-05 - acc: 1.0000 - val_loss: 0.0883 - val_acc: 0.9889
Epoch 28/100
 - 122s - loss: 1.0296e-04 - acc: 1.0000 - val_loss: 0.0715 - val_acc: 0.9900
Epoch 29/100
 - 122s - loss: 1.9930e-04 - acc: 1.0000 - val_loss: 0.0927 - val_acc: 0.9895
Epoch 30/100
 - 121s - loss: 4.9983e-05 - acc: 1.0000 - val_loss: 0.0786 - val_acc: 0.9897
Epoch 31/100
 - 122s - loss: 1.4884e-04 - acc: 1.0000 - val_loss: 0.0777 - val_acc: 0.9899
Epoch 32/100
 - 122s - loss: 2.6595e-05 - acc: 1.0000 - val_loss: 0.0821 - val_acc: 0.9898
Epoch 33/100
 - 121s - loss: 6.3157e-06 - acc: 1.0000 - val_loss: 0.0881 - val_acc: 0.9895
Epoch 34/100
 - 119s - loss: 7.6855e-06 - acc: 1.0000 - val_loss: 0.0913 - val_acc: 0.9891
Epoch 35/100
 - 122s - loss: 1.4060e-05 - acc: 1.0000 - val_loss: 0.0875 - val_acc: 0.9900
Epoch 36/100
 - 121s - loss: 1.0998e-05 - acc: 1.0000 - val_loss: 0.0928 - val_acc: 0.9897
Epoch 37/100
 - 121s - loss: 2.4647e-06 - acc: 1.0000 - val_loss: 0.0965 - val_acc: 0.9896
Epoch 38/100
 - 122s - loss: 3.1993e-06 - acc: 1.0000 - val_loss: 0.0990 - val_acc: 0.9898
Epoch 39/100
 - 122s - loss: 6.0909e-06 - acc: 1.0000 - val_loss: 0.0818 - val_acc: 0.9895
Epoch 40/100
 - 121s - loss: 3.6768e-06 - acc: 1.0000 - val_loss: 0.1081 - val_acc: 0.9895
Epoch 41/100
 - 123s - loss: 6.8184e-04 - acc: 0.9998 - val_loss: 0.0994 - val_acc: 0.9891
Epoch 42/100
 - 122s - loss: 1.0423e-04 - acc: 1.0000 - val_loss: 0.1073 - val_acc: 0.9892
Epoch 43/100
 - 121s - loss: 1.3623e-05 - acc: 1.0000 - val_loss: 0.0812 - val_acc: 0.9891
Epoch 44/100
 - 119s - loss: 7.6366e-06 - acc: 1.0000 - val_loss: 0.0903 - val_acc: 0.9893
Epoch 45/100
 - 121s - loss: 1.5512e-04 - acc: 0.9999 - val_loss: 0.0759 - val_acc: 0.9892
Epoch 46/100
 - 122s - loss: 3.0109e-05 - acc: 1.0000 - val_loss: 0.0877 - val_acc: 0.9888
Epoch 47/100
 - 121s - loss: 7.2913e-05 - acc: 1.0000 - val_loss: 0.0922 - val_acc: 0.9894
Epoch 48/100
 - 122s - loss: 1.1671e-05 - acc: 1.0000 - val_loss: 0.0893 - val_acc: 0.9896
Epoch 49/100
 - 122s - loss: 4.5202e-06 - acc: 1.0000 - val_loss: 0.0853 - val_acc: 0.9894
Epoch 50/100
 - 121s - loss: 2.7405e-06 - acc: 1.0000 - val_loss: 0.0896 - val_acc: 0.9893
Epoch 51/100
 - 121s - loss: 3.2620e-05 - acc: 1.0000 - val_loss: 0.0930 - val_acc: 0.9888
Epoch 52/100
 - 122s - loss: 3.1223e-06 - acc: 1.0000 - val_loss: 0.0957 - val_acc: 0.9890
Epoch 53/100
 - 124s - loss: 1.5637e-06 - acc: 1.0000 - val_loss: 0.0926 - val_acc: 0.9893
Epoch 54/100
 - 122s - loss: 2.1390e-06 - acc: 1.0000 - val_loss: 0.0955 - val_acc: 0.9894
Epoch 55/100
 - 119s - loss: 1.4819e-06 - acc: 1.0000 - val_loss: 0.0905 - val_acc: 0.9896
Epoch 56/100
 - 122s - loss: 1.4472e-06 - acc: 1.0000 - val_loss: 0.0926 - val_acc: 0.9896
Epoch 57/100
 - 122s - loss: 4.3989e-06 - acc: 1.0000 - val_loss: 0.0938 - val_acc: 0.9893
Epoch 58/100
 - 121s - loss: 8.6400e-06 - acc: 1.0000 - val_loss: 0.1082 - val_acc: 0.9891
Epoch 59/100
 - 122s - loss: 2.2518e-05 - acc: 1.0000 - val_loss: 0.0880 - val_acc: 0.9900
Epoch 60/100
 - 122s - loss: 1.6475e-06 - acc: 1.0000 - val_loss: 0.0899 - val_acc: 0.9898
Epoch 61/100
 - 120s - loss: 1.4575e-06 - acc: 1.0000 - val_loss: 0.1055 - val_acc: 0.9894
Epoch 62/100
 - 123s - loss: 2.0146e-06 - acc: 1.0000 - val_loss: 0.1058 - val_acc: 0.9896
Epoch 63/100
 - 122s - loss: 2.4540e-06 - acc: 1.0000 - val_loss: 0.0851 - val_acc: 0.9895
Epoch 64/100
 - 122s - loss: 2.1925e-04 - acc: 1.0000 - val_loss: 0.1018 - val_acc: 0.9892
Epoch 65/100
 - 119s - loss: 1.0010e-06 - acc: 1.0000 - val_loss: 0.1013 - val_acc: 0.9890
Epoch 66/100
 - 122s - loss: 4.8064e-07 - acc: 1.0000 - val_loss: 0.1017 - val_acc: 0.9890
Epoch 67/100
 - 123s - loss: 2.2603e-04 - acc: 1.0000 - val_loss: 0.0891 - val_acc: 0.9893
Epoch 68/100
 - 121s - loss: 6.7614e-06 - acc: 1.0000 - val_loss: 0.0988 - val_acc: 0.9887
Epoch 69/100
 - 122s - loss: 7.8305e-06 - acc: 1.0000 - val_loss: 0.0810 - val_acc: 0.9894
Epoch 70/100
 - 122s - loss: 2.5485e-06 - acc: 1.0000 - val_loss: 0.0953 - val_acc: 0.9892
Epoch 71/100
 - 121s - loss: 1.1928e-06 - acc: 1.0000 - val_loss: 0.0958 - val_acc: 0.9891
Epoch 72/100
 - 122s - loss: 3.5133e-05 - acc: 1.0000 - val_loss: 0.0927 - val_acc: 0.9893
Epoch 73/100
 - 122s - loss: 9.3206e-07 - acc: 1.0000 - val_loss: 0.0965 - val_acc: 0.9891
Epoch 74/100
 - 122s - loss: 7.4849e-07 - acc: 1.0000 - val_loss: 0.1037 - val_acc: 0.9891
Epoch 75/100
 - 119s - loss: 3.3498e-07 - acc: 1.0000 - val_loss: 0.1038 - val_acc: 0.9893
Epoch 76/100
 - 121s - loss: 5.7244e-07 - acc: 1.0000 - val_loss: 0.1036 - val_acc: 0.9893
Epoch 77/100
 - 122s - loss: 5.4022e-07 - acc: 1.0000 - val_loss: 0.1029 - val_acc: 0.9892
Epoch 78/100
 - 121s - loss: 1.5701e-06 - acc: 1.0000 - val_loss: 0.1146 - val_acc: 0.9893
Epoch 79/100
 - 121s - loss: 3.0736e-07 - acc: 1.0000 - val_loss: 0.1115 - val_acc: 0.9893
Epoch 80/100
 - 123s - loss: 7.1660e-07 - acc: 1.0000 - val_loss: 0.1135 - val_acc: 0.9894
Epoch 81/100
 - 122s - loss: 4.0621e-07 - acc: 1.0000 - val_loss: 0.1089 - val_acc: 0.9895
Epoch 82/100
 - 121s - loss: 6.6927e-07 - acc: 1.0000 - val_loss: 0.1094 - val_acc: 0.9896
Epoch 83/100
 - 123s - loss: 3.5446e-07 - acc: 1.0000 - val_loss: 0.1162 - val_acc: 0.9896
Epoch 84/100
 - 122s - loss: 2.7559e-07 - acc: 1.0000 - val_loss: 0.1148 - val_acc: 0.9899
Epoch 85/100
 - 121s - loss: 2.1781e-07 - acc: 1.0000 - val_loss: 0.1105 - val_acc: 0.9896
Epoch 86/100
 - 119s - loss: 2.4355e-07 - acc: 1.0000 - val_loss: 0.1003 - val_acc: 0.9897
Epoch 87/100
 - 122s - loss: 2.5399e-06 - acc: 1.0000 - val_loss: 0.1086 - val_acc: 0.9894
Epoch 88/100
 - 122s - loss: 8.7645e-07 - acc: 1.0000 - val_loss: 0.1073 - val_acc: 0.9897
Epoch 89/100
 - 122s - loss: 2.3465e-07 - acc: 1.0000 - val_loss: 0.1205 - val_acc: 0.9894
Epoch 90/100
 - 122s - loss: 5.0886e-07 - acc: 1.0000 - val_loss: 0.1180 - val_acc: 0.9895
Epoch 91/100
 - 122s - loss: 2.6083e-07 - acc: 1.0000 - val_loss: 0.1182 - val_acc: 0.9895
Epoch 92/100
 - 122s - loss: 2.6997e-07 - acc: 1.0000 - val_loss: 0.1200 - val_acc: 0.9894
Epoch 93/100
 - 122s - loss: 1.4999e-05 - acc: 1.0000 - val_loss: 0.1038 - val_acc: 0.9889
Epoch 94/100
 - 122s - loss: 1.0300e-06 - acc: 1.0000 - val_loss: 0.1084 - val_acc: 0.9893
Epoch 95/100
 - 122s - loss: 2.5820e-07 - acc: 1.0000 - val_loss: 0.1124 - val_acc: 0.9891
Epoch 96/100
 - 118s - loss: 2.9788e-07 - acc: 1.0000 - val_loss: 0.1085 - val_acc: 0.9893
Epoch 97/100
 - 123s - loss: 2.6839e-07 - acc: 1.0000 - val_loss: 0.1110 - val_acc: 0.9895
Epoch 98/100
 - 122s - loss: 9.3046e-06 - acc: 1.0000 - val_loss: 0.0835 - val_acc: 0.9883
Epoch 99/100
 - 122s - loss: 4.4273e-06 - acc: 1.0000 - val_loss: 0.1102 - val_acc: 0.9896
Epoch 100/100
 - 122s - loss: 9.6787e-06 - acc: 1.0000 - val_loss: 0.0958 - val_acc: 0.9901
2019-08-29 14:25:30.020519: I tensorflow/core/common_runtime/gpu/gpu_device.cc:1511] Adding visible gpu devices: 0
2019-08-29 14:25:30.020943: I tensorflow/core/common_runtime/gpu/gpu_device.cc:982] Device interconnect StreamExecutor with strength 1 edge matrix:
2019-08-29 14:25:30.020958: I tensorflow/core/common_runtime/gpu/gpu_device.cc:988]      0 
2019-08-29 14:25:30.020967: I tensorflow/core/common_runtime/gpu/gpu_device.cc:1001] 0:   N 
2019-08-29 14:25:30.021197: I tensorflow/core/common_runtime/gpu/gpu_device.cc:1115] Created TensorFlow device (/job:localhost/replica:0/task:0/device:GPU:0 with 9089 MB memory) -> physical GPU (device: 0, name: TITAN X (Pascal), pci bus id: 0000:84:00.0, compute capability: 6.1)
Testing...
Test loss: 0.10419451952120294
Test accuracy: 0.9882424241990754
Valid loss: 0.09581844680302957
Valid accuracy: 0.9900599982090087
tn, fp, fn, tp
8140 37 157 8166
_________________________________________________________________
Layer (type)                 Output Shape              Param #   
=================================================================
input (InputLayer)           (None, 100)               0         
_________________________________________________________________
embedding_1 (Embedding)      (None, 100, 300)          58134000  
_________________________________________________________________
bidirectional_1 (Bidirection (None, 64)                85248     
_________________________________________________________________
dense_1 (Dense)              (None, 2)                 130       
=================================================================
Total params: 58,219,378
Trainable params: 58,219,378
Non-trainable params: 0
_________________________________________________________________
FNC best epoch: 16
trainingdata= FNC
FNC labels: 
 1: Fake, 0: Reliable
22333 11167
train seq shape (22333, 100)
(22333, 2)
Parameters:: num_cells: 32 num_samples: 22333 embedding_size: 300 epochs: 17 batch_size: 64
(?, 100)
fitting model..
Train on 22333 samples, validate on 11167 samples
Epoch 1/17
 - 125s - loss: 0.1582 - acc: 0.9371 - val_loss: 0.0561 - val_acc: 0.9815
Epoch 2/17
 - 122s - loss: 0.0473 - acc: 0.9829 - val_loss: 0.0384 - val_acc: 0.9873
Epoch 3/17
 - 122s - loss: 0.0256 - acc: 0.9913 - val_loss: 0.0391 - val_acc: 0.9875
Epoch 4/17
 - 122s - loss: 0.0119 - acc: 0.9957 - val_loss: 0.0446 - val_acc: 0.9886
Epoch 5/17
 - 122s - loss: 0.0053 - acc: 0.9983 - val_loss: 0.0421 - val_acc: 0.9897
Epoch 6/17
 - 122s - loss: 0.0040 - acc: 0.9986 - val_loss: 0.0379 - val_acc: 0.9903
Epoch 7/17
 - 122s - loss: 0.0023 - acc: 0.9993 - val_loss: 0.0528 - val_acc: 0.9895
Epoch 8/17
 - 123s - loss: 0.0014 - acc: 0.9996 - val_loss: 0.0603 - val_acc: 0.9903
Epoch 9/17
 - 122s - loss: 9.3480e-04 - acc: 0.9998 - val_loss: 0.0522 - val_acc: 0.9898
Epoch 10/17
 - 122s - loss: 6.6448e-04 - acc: 0.9998 - val_loss: 0.0564 - val_acc: 0.9901
Epoch 11/17
 - 121s - loss: 4.3529e-04 - acc: 0.9999 - val_loss: 0.0520 - val_acc: 0.9900
Epoch 12/17
 - 121s - loss: 9.2395e-04 - acc: 0.9999 - val_loss: 0.0461 - val_acc: 0.9898
Epoch 13/17
 - 122s - loss: 9.5503e-04 - acc: 0.9998 - val_loss: 0.0639 - val_acc: 0.9899
Epoch 14/17
 - 122s - loss: 2.2480e-04 - acc: 1.0000 - val_loss: 0.0717 - val_acc: 0.9897
Epoch 15/17
 - 123s - loss: 7.6001e-04 - acc: 0.9997 - val_loss: 0.0597 - val_acc: 0.9901
Epoch 16/17
 - 122s - loss: 2.6009e-04 - acc: 1.0000 - val_loss: 0.0645 - val_acc: 0.9901
Epoch 17/17
 - 121s - loss: 3.8030e-04 - acc: 0.9999 - val_loss: 0.0543 - val_acc: 0.9900
2019-08-29 15:09:42.375143: I tensorflow/core/common_runtime/gpu/gpu_device.cc:1511] Adding visible gpu devices: 0
2019-08-29 15:09:42.375527: I tensorflow/core/common_runtime/gpu/gpu_device.cc:982] Device interconnect StreamExecutor with strength 1 edge matrix:
2019-08-29 15:09:42.375545: I tensorflow/core/common_runtime/gpu/gpu_device.cc:988]      0 
2019-08-29 15:09:42.375555: I tensorflow/core/common_runtime/gpu/gpu_device.cc:1001] 0:   N 
2019-08-29 15:09:42.375732: I tensorflow/core/common_runtime/gpu/gpu_device.cc:1115] Created TensorFlow device (/job:localhost/replica:0/task:0/device:GPU:0 with 9089 MB memory) -> physical GPU (device: 0, name: TITAN X (Pascal), pci bus id: 0000:84:00.0, compute capability: 6.1)
Testing...
Test loss: 0.06707332803350283
Test accuracy: 0.9886666666666667
Valid loss: 0.05429565569859822
Valid accuracy: 0.9899704486433241
tn, fp, fn, tp
8115 62 125 8198
_________________________________________________________________
Layer (type)                 Output Shape              Param #   
=================================================================
input (InputLayer)           (None, 100)               0         
_________________________________________________________________
embedding_1 (Embedding)      (None, 100, 300)          58134000  
_________________________________________________________________
bidirectional_1 (Bidirection (None, 64)                85248     
_________________________________________________________________
dense_1 (Dense)              (None, 2)                 130       
=================================================================
Total params: 58,219,378
Trainable params: 58,219,378
Non-trainable params: 0
_________________________________________________________________
trainingdata= FNC
FNC labels: 
 1: Fake, 0: Reliable
22333 11167
train seq shape (22333, 100)
(22333, 2)
Parameters:: num_cells: 32 num_samples: 22333 embedding_size: 300 epochs: 17 batch_size: 64
(?, 100)
fitting model..
Train on 22333 samples, validate on 11167 samples
Epoch 1/17
 - 126s - loss: 0.1637 - acc: 0.9340 - val_loss: 0.0522 - val_acc: 0.9831
Epoch 2/17
 - 122s - loss: 0.0529 - acc: 0.9818 - val_loss: 0.0405 - val_acc: 0.9869
Epoch 3/17
 - 122s - loss: 0.0263 - acc: 0.9908 - val_loss: 0.0361 - val_acc: 0.9893
Epoch 4/17
 - 123s - loss: 0.0115 - acc: 0.9959 - val_loss: 0.0464 - val_acc: 0.9884
Epoch 5/17
 - 123s - loss: 0.0055 - acc: 0.9983 - val_loss: 0.0499 - val_acc: 0.9895
Epoch 6/17
 - 122s - loss: 0.0025 - acc: 0.9993 - val_loss: 0.0478 - val_acc: 0.9892
Epoch 7/17
 - 121s - loss: 0.0019 - acc: 0.9996 - val_loss: 0.0558 - val_acc: 0.9895
Epoch 8/17
 - 123s - loss: 0.0012 - acc: 0.9996 - val_loss: 0.0451 - val_acc: 0.9898
Epoch 9/17
 - 123s - loss: 0.0012 - acc: 0.9998 - val_loss: 0.0486 - val_acc: 0.9900
Epoch 10/17
 - 120s - loss: 0.0016 - acc: 0.9997 - val_loss: 0.0671 - val_acc: 0.9888
Epoch 11/17
 - 121s - loss: 7.9110e-04 - acc: 0.9998 - val_loss: 0.0598 - val_acc: 0.9895
Epoch 12/17
 - 122s - loss: 0.0012 - acc: 0.9996 - val_loss: 0.0589 - val_acc: 0.9894
Epoch 13/17
 - 122s - loss: 2.9053e-04 - acc: 1.0000 - val_loss: 0.0572 - val_acc: 0.9905
Epoch 14/17
 - 121s - loss: 5.3835e-04 - acc: 0.9998 - val_loss: 0.0578 - val_acc: 0.9900
Epoch 15/17
 - 123s - loss: 1.7977e-04 - acc: 1.0000 - val_loss: 0.0649 - val_acc: 0.9902
Epoch 16/17
 - 123s - loss: 2.7172e-04 - acc: 0.9999 - val_loss: 0.0998 - val_acc: 0.9873
Epoch 17/17
 - 122s - loss: 2.7832e-04 - acc: 1.0000 - val_loss: 0.0659 - val_acc: 0.9902
2019-08-29 15:53:50.312943: I tensorflow/core/common_runtime/gpu/gpu_device.cc:1511] Adding visible gpu devices: 0
2019-08-29 15:53:50.313414: I tensorflow/core/common_runtime/gpu/gpu_device.cc:982] Device interconnect StreamExecutor with strength 1 edge matrix:
2019-08-29 15:53:50.313436: I tensorflow/core/common_runtime/gpu/gpu_device.cc:988]      0 
2019-08-29 15:53:50.313447: I tensorflow/core/common_runtime/gpu/gpu_device.cc:1001] 0:   N 
2019-08-29 15:53:50.313653: I tensorflow/core/common_runtime/gpu/gpu_device.cc:1115] Created TensorFlow device (/job:localhost/replica:0/task:0/device:GPU:0 with 9089 MB memory) -> physical GPU (device: 0, name: TITAN X (Pascal), pci bus id: 0000:84:00.0, compute capability: 6.1)
Testing...
Test loss: 0.07827530442872728
Test accuracy: 0.9878181817748329
Valid loss: 0.06594739724888068
Valid accuracy: 0.9902390973403778
tn, fp, fn, tp
8149 28 173 8150
_________________________________________________________________
Layer (type)                 Output Shape              Param #   
=================================================================
input (InputLayer)           (None, 100)               0         
_________________________________________________________________
embedding_1 (Embedding)      (None, 100, 300)          58134000  
_________________________________________________________________
bidirectional_1 (Bidirection (None, 64)                85248     
_________________________________________________________________
dense_1 (Dense)              (None, 2)                 130       
=================================================================
Total params: 58,219,378
Trainable params: 58,219,378
Non-trainable params: 0
_________________________________________________________________
trainingdata= FNC
FNC labels: 
 1: Fake, 0: Reliable
22333 11167
train seq shape (22333, 100)
(22333, 2)
Parameters:: num_cells: 32 num_samples: 22333 embedding_size: 300 epochs: 17 batch_size: 64
(?, 100)
fitting model..
Train on 22333 samples, validate on 11167 samples
Epoch 1/17
 - 127s - loss: 0.1561 - acc: 0.9387 - val_loss: 0.0562 - val_acc: 0.9820
Epoch 2/17
 - 122s - loss: 0.0516 - acc: 0.9821 - val_loss: 0.0406 - val_acc: 0.9862
Epoch 3/17
 - 122s - loss: 0.0248 - acc: 0.9915 - val_loss: 0.0384 - val_acc: 0.9890
Epoch 4/17
 - 123s - loss: 0.0117 - acc: 0.9962 - val_loss: 0.0344 - val_acc: 0.9893
Epoch 5/17
 - 123s - loss: 0.0067 - acc: 0.9979 - val_loss: 0.0441 - val_acc: 0.9896
Epoch 6/17
 - 122s - loss: 0.0024 - acc: 0.9995 - val_loss: 0.0639 - val_acc: 0.9883
Epoch 7/17
 - 123s - loss: 0.0022 - acc: 0.9993 - val_loss: 0.0432 - val_acc: 0.9902
Epoch 8/17
 - 122s - loss: 0.0021 - acc: 0.9993 - val_loss: 0.0425 - val_acc: 0.9901
Epoch 9/17
 - 119s - loss: 0.0010 - acc: 0.9998 - val_loss: 0.0626 - val_acc: 0.9897
Epoch 10/17
 - 122s - loss: 0.0010 - acc: 0.9998 - val_loss: 0.0532 - val_acc: 0.9900
Epoch 11/17
 - 123s - loss: 0.0011 - acc: 0.9996 - val_loss: 0.0538 - val_acc: 0.9897
Epoch 12/17
 - 123s - loss: 3.2531e-04 - acc: 1.0000 - val_loss: 0.0623 - val_acc: 0.9891
Epoch 13/17
 - 121s - loss: 3.4717e-04 - acc: 0.9999 - val_loss: 0.0771 - val_acc: 0.9892
Epoch 14/17
 - 122s - loss: 6.4045e-04 - acc: 0.9999 - val_loss: 0.0682 - val_acc: 0.9893
Epoch 15/17
 - 122s - loss: 4.7588e-04 - acc: 0.9999 - val_loss: 0.0676 - val_acc: 0.9886
Epoch 16/17
 - 122s - loss: 2.7812e-04 - acc: 0.9999 - val_loss: 0.0605 - val_acc: 0.9892
Epoch 17/17
 - 122s - loss: 3.0341e-04 - acc: 0.9999 - val_loss: 0.0568 - val_acc: 0.9899
2019-08-29 16:37:52.607788: I tensorflow/core/common_runtime/gpu/gpu_device.cc:1511] Adding visible gpu devices: 0
2019-08-29 16:37:52.608223: I tensorflow/core/common_runtime/gpu/gpu_device.cc:982] Device interconnect StreamExecutor with strength 1 edge matrix:
2019-08-29 16:37:52.608239: I tensorflow/core/common_runtime/gpu/gpu_device.cc:988]      0 
2019-08-29 16:37:52.608249: I tensorflow/core/common_runtime/gpu/gpu_device.cc:1001] 0:   N 
2019-08-29 16:37:52.608434: I tensorflow/core/common_runtime/gpu/gpu_device.cc:1115] Created TensorFlow device (/job:localhost/replica:0/task:0/device:GPU:0 with 9089 MB memory) -> physical GPU (device: 0, name: TITAN X (Pascal), pci bus id: 0000:84:00.0, compute capability: 6.1)
Testing...
Test loss: 0.06556203610862157
Test accuracy: 0.9881212120345144
Valid loss: 0.056769790279929254
Valid accuracy: 0.9898808990776394
tn, fp, fn, tp
8135 42 154 8169
_________________________________________________________________
Layer (type)                 Output Shape              Param #   
=================================================================
input (InputLayer)           (None, 100)               0         
_________________________________________________________________
embedding_1 (Embedding)      (None, 100, 300)          58134000  
_________________________________________________________________
bidirectional_1 (Bidirection (None, 64)                85248     
_________________________________________________________________
dense_1 (Dense)              (None, 2)                 130       
=================================================================
Total params: 58,219,378
Trainable params: 58,219,378
Non-trainable params: 0
_________________________________________________________________
trainingdata= FNC
FNC labels: 
 1: Fake, 0: Reliable
22333 11167
train seq shape (22333, 100)
(22333, 2)
Parameters:: num_cells: 32 num_samples: 22333 embedding_size: 300 epochs: 17 batch_size: 64
(?, 100)
fitting model..
Train on 22333 samples, validate on 11167 samples
Epoch 1/17
 - 121s - loss: 0.1533 - acc: 0.9404 - val_loss: 0.0549 - val_acc: 0.9825
Epoch 2/17
 - 116s - loss: 0.0486 - acc: 0.9832 - val_loss: 0.0415 - val_acc: 0.9867
Epoch 3/17
 - 117s - loss: 0.0248 - acc: 0.9902 - val_loss: 0.0437 - val_acc: 0.9876
Epoch 4/17
 - 116s - loss: 0.0116 - acc: 0.9963 - val_loss: 0.0395 - val_acc: 0.9892
Epoch 5/17
 - 115s - loss: 0.0064 - acc: 0.9980 - val_loss: 0.0425 - val_acc: 0.9890
Epoch 6/17
 - 115s - loss: 0.0045 - acc: 0.9986 - val_loss: 0.0412 - val_acc: 0.9903
Epoch 7/17
 - 116s - loss: 0.0021 - acc: 0.9994 - val_loss: 0.0516 - val_acc: 0.9898
Epoch 8/17
 - 116s - loss: 0.0013 - acc: 0.9996 - val_loss: 0.0434 - val_acc: 0.9897
Epoch 9/17
 - 116s - loss: 0.0011 - acc: 0.9996 - val_loss: 0.0473 - val_acc: 0.9900
Epoch 10/17
 - 115s - loss: 8.1665e-04 - acc: 0.9998 - val_loss: 0.0541 - val_acc: 0.9900
Epoch 11/17
 - 116s - loss: 0.0011 - acc: 0.9996 - val_loss: 0.0602 - val_acc: 0.9885
Epoch 12/17
 - 116s - loss: 3.3805e-04 - acc: 1.0000 - val_loss: 0.0570 - val_acc: 0.9888
Epoch 13/17
 - 116s - loss: 6.2921e-04 - acc: 0.9998 - val_loss: 0.0614 - val_acc: 0.9900
Epoch 14/17
 - 115s - loss: 2.7481e-04 - acc: 0.9999 - val_loss: 0.0679 - val_acc: 0.9898
Epoch 15/17
 - 116s - loss: 1.1738e-04 - acc: 1.0000 - val_loss: 0.0693 - val_acc: 0.9894
Epoch 16/17
 - 117s - loss: 1.4155e-04 - acc: 1.0000 - val_loss: 0.0590 - val_acc: 0.9898
Epoch 17/17
 - 116s - loss: 2.9517e-04 - acc: 1.0000 - val_loss: 0.0718 - val_acc: 0.9894
2019-08-29 17:20:05.969232: I tensorflow/core/common_runtime/gpu/gpu_device.cc:1511] Adding visible gpu devices: 0
2019-08-29 17:20:05.969609: I tensorflow/core/common_runtime/gpu/gpu_device.cc:982] Device interconnect StreamExecutor with strength 1 edge matrix:
2019-08-29 17:20:05.969626: I tensorflow/core/common_runtime/gpu/gpu_device.cc:988]      0 
2019-08-29 17:20:05.969635: I tensorflow/core/common_runtime/gpu/gpu_device.cc:1001] 0:   N 
2019-08-29 17:20:05.969821: I tensorflow/core/common_runtime/gpu/gpu_device.cc:1115] Created TensorFlow device (/job:localhost/replica:0/task:0/device:GPU:0 with 9089 MB memory) -> physical GPU (device: 0, name: TITAN X (Pascal), pci bus id: 0000:84:00.0, compute capability: 6.1)
Testing...
Test loss: 0.08017663087174967
Test accuracy: 0.9878181817748329
Valid loss: 0.07182596162670962
Valid accuracy: 0.9894331512492165
tn, fp, fn, tp
8157 20 181 8142
_________________________________________________________________
Layer (type)                 Output Shape              Param #   
=================================================================
input (InputLayer)           (None, 100)               0         
_________________________________________________________________
embedding_1 (Embedding)      (None, 100, 300)          58134000  
_________________________________________________________________
bidirectional_1 (Bidirection (None, 64)                85248     
_________________________________________________________________
dense_1 (Dense)              (None, 2)                 130       
=================================================================
Total params: 58,219,378
Trainable params: 58,219,378
Non-trainable params: 0
_________________________________________________________________
trainingdata= FNC
FNC labels: 
 1: Fake, 0: Reliable
22333 11167
train seq shape (22333, 100)
(22333, 2)
Parameters:: num_cells: 32 num_samples: 22333 embedding_size: 300 epochs: 17 batch_size: 64
(?, 100)
fitting model..
Train on 22333 samples, validate on 11167 samples
Epoch 1/17
 - 119s - loss: 0.1701 - acc: 0.9287 - val_loss: 0.0552 - val_acc: 0.9811
Epoch 2/17
 - 116s - loss: 0.0521 - acc: 0.9816 - val_loss: 0.0379 - val_acc: 0.9868
Epoch 3/17
 - 116s - loss: 0.0262 - acc: 0.9901 - val_loss: 0.0358 - val_acc: 0.9884
Epoch 4/17
 - 116s - loss: 0.0127 - acc: 0.9960 - val_loss: 0.0395 - val_acc: 0.9896
Epoch 5/17
 - 115s - loss: 0.0061 - acc: 0.9979 - val_loss: 0.0438 - val_acc: 0.9891
Epoch 6/17
 - 116s - loss: 0.0037 - acc: 0.9989 - val_loss: 0.0394 - val_acc: 0.9896
Epoch 7/17
 - 116s - loss: 0.0027 - acc: 0.9991 - val_loss: 0.0506 - val_acc: 0.9893
Epoch 8/17
 - 116s - loss: 0.0019 - acc: 0.9996 - val_loss: 0.0715 - val_acc: 0.9883
Epoch 9/17
 - 115s - loss: 0.0010 - acc: 0.9997 - val_loss: 0.0561 - val_acc: 0.9896
Epoch 10/17
 - 115s - loss: 0.0011 - acc: 0.9996 - val_loss: 0.0763 - val_acc: 0.9887
Epoch 11/17
 - 117s - loss: 8.6388e-04 - acc: 0.9998 - val_loss: 0.0589 - val_acc: 0.9893
Epoch 12/17
 - 116s - loss: 0.0010 - acc: 0.9997 - val_loss: 0.0495 - val_acc: 0.9892
Epoch 13/17
 - 115s - loss: 8.1800e-04 - acc: 0.9997 - val_loss: 0.0559 - val_acc: 0.9892
Epoch 14/17
 - 115s - loss: 5.1113e-04 - acc: 0.9998 - val_loss: 0.0594 - val_acc: 0.9888
Epoch 15/17
 - 117s - loss: 4.0422e-04 - acc: 0.9998 - val_loss: 0.0664 - val_acc: 0.9899
Epoch 16/17
 - 116s - loss: 4.1088e-04 - acc: 0.9998 - val_loss: 0.0817 - val_acc: 0.9892
Epoch 17/17
 - 115s - loss: 1.0205e-04 - acc: 1.0000 - val_loss: 0.0713 - val_acc: 0.9905
Using TensorFlow backend.
Testing...
Test loss: 0.0770440857676065
Test accuracy: 0.9892727271860297
Valid loss: 0.07125479792982309
Valid accuracy: 0.9905077460374317
tn, fp, fn, tp
8157 20 157 8166
_________________________________________________________________
Layer (type)                 Output Shape              Param #   
=================================================================
input (InputLayer)           (None, 100)               0         
_________________________________________________________________
embedding_1 (Embedding)      (None, 100, 300)          58134000  
_________________________________________________________________
bidirectional_1 (Bidirection (None, 64)                85248     
_________________________________________________________________
dense_1 (Dense)              (None, 2)                 130       
=================================================================
Total params: 58,219,378
Trainable params: 58,219,378
Non-trainable params: 0
_________________________________________________________________
FNC biLSTM AVERAGE= 0.9883393938873754
