2
2019-08-14 11:13:02.956514: I tensorflow/core/platform/cpu_feature_guard.cc:141] Your CPU supports instructions that this TensorFlow binary was not compiled to use: AVX2 FMA
2019-08-14 11:13:03.785343: I tensorflow/core/common_runtime/gpu/gpu_device.cc:1432] Found device 0 with properties: 
name: TITAN X (Pascal) major: 6 minor: 1 memoryClockRate(GHz): 1.531
pciBusID: 0000:83:00.0
totalMemory: 11.91GiB freeMemory: 11.77GiB
2019-08-14 11:13:03.785386: I tensorflow/core/common_runtime/gpu/gpu_device.cc:1511] Adding visible gpu devices: 0
2019-08-14 11:13:08.378590: I tensorflow/core/common_runtime/gpu/gpu_device.cc:982] Device interconnect StreamExecutor with strength 1 edge matrix:
2019-08-14 11:13:08.378637: I tensorflow/core/common_runtime/gpu/gpu_device.cc:988]      0 
2019-08-14 11:13:08.378645: I tensorflow/core/common_runtime/gpu/gpu_device.cc:1001] 0:   N 
2019-08-14 11:13:08.378795: I tensorflow/core/common_runtime/gpu/gpu_device.cc:1115] Created TensorFlow device (/job:localhost/replica:0/task:0/device:GPU:0 with 11387 MB memory) -> physical GPU (device: 0, name: TITAN X (Pascal), pci bus id: 0000:83:00.0, compute capability: 6.1)
trainingdata= liar
Training with Fake= 1
Training with Fake= 1
Training with Fake= 1
train seq shape (10240, 100)
(10240, 2)
Parameters:: num_cells: 32 num_samples: 10240 embedding_size: 300 epochs: 100 batch_size: 64
(?, 100)
fitting model..
Train on 10240 samples, validate on 1284 samples
Epoch 1/100
 - 41s - loss: 0.6933 - acc: 0.5120 - val_loss: 0.6936 - val_acc: 0.5062
Epoch 2/100
 - 39s - loss: 0.6880 - acc: 0.5456 - val_loss: 0.6930 - val_acc: 0.5187
Epoch 3/100
 - 39s - loss: 0.6866 - acc: 0.5523 - val_loss: 0.6931 - val_acc: 0.5195
Epoch 4/100
 - 39s - loss: 0.6860 - acc: 0.5572 - val_loss: 0.6927 - val_acc: 0.5210
Epoch 5/100
 - 39s - loss: 0.6832 - acc: 0.5597 - val_loss: 0.6925 - val_acc: 0.5218
Epoch 6/100
 - 39s - loss: 0.6830 - acc: 0.5612 - val_loss: 0.6922 - val_acc: 0.5210
Epoch 7/100
 - 39s - loss: 0.6813 - acc: 0.5644 - val_loss: 0.6915 - val_acc: 0.5210
Epoch 8/100
 - 39s - loss: 0.6817 - acc: 0.5651 - val_loss: 0.6911 - val_acc: 0.5218
Epoch 9/100
 - 40s - loss: 0.6807 - acc: 0.5668 - val_loss: 0.6905 - val_acc: 0.5257
Epoch 10/100
 - 39s - loss: 0.6792 - acc: 0.5701 - val_loss: 0.6897 - val_acc: 0.5273
Epoch 11/100
 - 39s - loss: 0.6790 - acc: 0.5703 - val_loss: 0.6891 - val_acc: 0.5304
Epoch 12/100
 - 39s - loss: 0.6781 - acc: 0.5728 - val_loss: 0.6883 - val_acc: 0.5343
Epoch 13/100
 - 39s - loss: 0.6777 - acc: 0.5740 - val_loss: 0.6876 - val_acc: 0.5382
Epoch 14/100
 - 39s - loss: 0.6761 - acc: 0.5760 - val_loss: 0.6872 - val_acc: 0.5382
Epoch 15/100
 - 39s - loss: 0.6766 - acc: 0.5741 - val_loss: 0.6864 - val_acc: 0.5444
Epoch 16/100
 - 39s - loss: 0.6756 - acc: 0.5771 - val_loss: 0.6857 - val_acc: 0.5483
Epoch 17/100
 - 39s - loss: 0.6753 - acc: 0.5777 - val_loss: 0.6853 - val_acc: 0.5483
Epoch 18/100
 - 39s - loss: 0.6737 - acc: 0.5800 - val_loss: 0.6845 - val_acc: 0.5483
Epoch 19/100
 - 39s - loss: 0.6738 - acc: 0.5843 - val_loss: 0.6840 - val_acc: 0.5506
Epoch 20/100
 - 39s - loss: 0.6721 - acc: 0.5842 - val_loss: 0.6832 - val_acc: 0.5522
Epoch 21/100
 - 39s - loss: 0.6718 - acc: 0.5852 - val_loss: 0.6826 - val_acc: 0.5569
Epoch 22/100
 - 39s - loss: 0.6712 - acc: 0.5809 - val_loss: 0.6820 - val_acc: 0.5600
Epoch 23/100
 - 39s - loss: 0.6703 - acc: 0.5833 - val_loss: 0.6815 - val_acc: 0.5592
Epoch 24/100
 - 39s - loss: 0.6696 - acc: 0.5871 - val_loss: 0.6808 - val_acc: 0.5623
Epoch 25/100
 - 39s - loss: 0.6674 - acc: 0.5927 - val_loss: 0.6801 - val_acc: 0.5646
Epoch 26/100
 - 39s - loss: 0.6681 - acc: 0.5900 - val_loss: 0.6794 - val_acc: 0.5623
Epoch 27/100
 - 39s - loss: 0.6682 - acc: 0.5909 - val_loss: 0.6785 - val_acc: 0.5623
Epoch 28/100
 - 39s - loss: 0.6688 - acc: 0.5893 - val_loss: 0.6779 - val_acc: 0.5662
Epoch 29/100
 - 39s - loss: 0.6658 - acc: 0.5908 - val_loss: 0.6772 - val_acc: 0.5670
Epoch 30/100
 - 39s - loss: 0.6650 - acc: 0.5951 - val_loss: 0.6769 - val_acc: 0.5678
Epoch 31/100
 - 39s - loss: 0.6639 - acc: 0.5979 - val_loss: 0.6760 - val_acc: 0.5709
Epoch 32/100
 - 39s - loss: 0.6634 - acc: 0.5996 - val_loss: 0.6754 - val_acc: 0.5717
Epoch 33/100
 - 39s - loss: 0.6619 - acc: 0.6009 - val_loss: 0.6747 - val_acc: 0.5779
Epoch 34/100
 - 39s - loss: 0.6612 - acc: 0.6025 - val_loss: 0.6741 - val_acc: 0.5810
Epoch 35/100
 - 39s - loss: 0.6597 - acc: 0.6059 - val_loss: 0.6732 - val_acc: 0.5841
Epoch 36/100
 - 39s - loss: 0.6623 - acc: 0.5979 - val_loss: 0.6726 - val_acc: 0.5857
Epoch 37/100
 - 39s - loss: 0.6595 - acc: 0.6054 - val_loss: 0.6721 - val_acc: 0.5872
Epoch 38/100
 - 39s - loss: 0.6581 - acc: 0.6073 - val_loss: 0.6713 - val_acc: 0.5888
Epoch 39/100
 - 39s - loss: 0.6567 - acc: 0.6128 - val_loss: 0.6707 - val_acc: 0.5896
Epoch 40/100
 - 39s - loss: 0.6575 - acc: 0.6075 - val_loss: 0.6697 - val_acc: 0.5919
Epoch 41/100
 - 39s - loss: 0.6546 - acc: 0.6141 - val_loss: 0.6689 - val_acc: 0.5888
Epoch 42/100
 - 39s - loss: 0.6546 - acc: 0.6141 - val_loss: 0.6684 - val_acc: 0.5919
Epoch 43/100
 - 39s - loss: 0.6547 - acc: 0.6133 - val_loss: 0.6678 - val_acc: 0.5958
Epoch 44/100
 - 39s - loss: 0.6535 - acc: 0.6218 - val_loss: 0.6670 - val_acc: 0.5981
Epoch 45/100
 - 39s - loss: 0.6542 - acc: 0.6162 - val_loss: 0.6662 - val_acc: 0.5981
Epoch 46/100
 - 39s - loss: 0.6500 - acc: 0.6253 - val_loss: 0.6657 - val_acc: 0.5989
Epoch 47/100
 - 39s - loss: 0.6499 - acc: 0.6218 - val_loss: 0.6653 - val_acc: 0.6005
Epoch 48/100
 - 39s - loss: 0.6494 - acc: 0.6278 - val_loss: 0.6643 - val_acc: 0.6020
Epoch 49/100
 - 39s - loss: 0.6501 - acc: 0.6202 - val_loss: 0.6636 - val_acc: 0.6020
Epoch 50/100
 - 39s - loss: 0.6464 - acc: 0.6258 - val_loss: 0.6630 - val_acc: 0.6020
Epoch 51/100
 - 39s - loss: 0.6493 - acc: 0.6246 - val_loss: 0.6624 - val_acc: 0.6028
Epoch 52/100
 - 39s - loss: 0.6456 - acc: 0.6271 - val_loss: 0.6618 - val_acc: 0.6020
Epoch 53/100
 - 39s - loss: 0.6443 - acc: 0.6354 - val_loss: 0.6609 - val_acc: 0.6020
Epoch 54/100
 - 39s - loss: 0.6451 - acc: 0.6310 - val_loss: 0.6607 - val_acc: 0.6005
Epoch 55/100
 - 39s - loss: 0.6448 - acc: 0.6235 - val_loss: 0.6606 - val_acc: 0.5974
Epoch 56/100
 - 39s - loss: 0.6434 - acc: 0.6303 - val_loss: 0.6596 - val_acc: 0.6028
Epoch 57/100
 - 39s - loss: 0.6397 - acc: 0.6341 - val_loss: 0.6590 - val_acc: 0.6028
Epoch 58/100
 - 39s - loss: 0.6388 - acc: 0.6386 - val_loss: 0.6586 - val_acc: 0.6044
Epoch 59/100
 - 39s - loss: 0.6402 - acc: 0.6356 - val_loss: 0.6585 - val_acc: 0.6044
Epoch 60/100
 - 39s - loss: 0.6372 - acc: 0.6396 - val_loss: 0.6578 - val_acc: 0.6067
Epoch 61/100
 - 39s - loss: 0.6382 - acc: 0.6336 - val_loss: 0.6571 - val_acc: 0.6083
Epoch 62/100
 - 39s - loss: 0.6364 - acc: 0.6426 - val_loss: 0.6567 - val_acc: 0.6090
Epoch 63/100
 - 39s - loss: 0.6375 - acc: 0.6429 - val_loss: 0.6567 - val_acc: 0.6098
Epoch 64/100
 - 39s - loss: 0.6381 - acc: 0.6334 - val_loss: 0.6561 - val_acc: 0.6067
Epoch 65/100
 - 39s - loss: 0.6359 - acc: 0.6492 - val_loss: 0.6556 - val_acc: 0.6067
Epoch 66/100
 - 39s - loss: 0.6353 - acc: 0.6476 - val_loss: 0.6555 - val_acc: 0.6067
Epoch 67/100
 - 39s - loss: 0.6336 - acc: 0.6436 - val_loss: 0.6552 - val_acc: 0.6075
Epoch 68/100
 - 39s - loss: 0.6325 - acc: 0.6500 - val_loss: 0.6548 - val_acc: 0.6075
Epoch 69/100
 - 39s - loss: 0.6332 - acc: 0.6467 - val_loss: 0.6548 - val_acc: 0.6067
Epoch 70/100
 - 39s - loss: 0.6314 - acc: 0.6446 - val_loss: 0.6547 - val_acc: 0.6090
Epoch 71/100
 - 39s - loss: 0.6322 - acc: 0.6440 - val_loss: 0.6543 - val_acc: 0.6083
Epoch 72/100
 - 39s - loss: 0.6318 - acc: 0.6502 - val_loss: 0.6543 - val_acc: 0.6083
Epoch 73/100
 - 39s - loss: 0.6285 - acc: 0.6508 - val_loss: 0.6536 - val_acc: 0.6098
Epoch 74/100
 - 39s - loss: 0.6296 - acc: 0.6523 - val_loss: 0.6535 - val_acc: 0.6129
Epoch 75/100
 - 39s - loss: 0.6304 - acc: 0.6529 - val_loss: 0.6533 - val_acc: 0.6121
Epoch 76/100
 - 39s - loss: 0.6286 - acc: 0.6520 - val_loss: 0.6529 - val_acc: 0.6145
Epoch 77/100
 - 39s - loss: 0.6270 - acc: 0.6609 - val_loss: 0.6527 - val_acc: 0.6153
Epoch 78/100
 - 39s - loss: 0.6268 - acc: 0.6526 - val_loss: 0.6523 - val_acc: 0.6176
Epoch 79/100
 - 39s - loss: 0.6255 - acc: 0.6575 - val_loss: 0.6517 - val_acc: 0.6176
Epoch 80/100
 - 39s - loss: 0.6246 - acc: 0.6566 - val_loss: 0.6516 - val_acc: 0.6184
Epoch 81/100
 - 39s - loss: 0.6238 - acc: 0.6575 - val_loss: 0.6519 - val_acc: 0.6168
Epoch 82/100
 - 39s - loss: 0.6254 - acc: 0.6559 - val_loss: 0.6516 - val_acc: 0.6176
Epoch 83/100
 - 39s - loss: 0.6229 - acc: 0.6607 - val_loss: 0.6512 - val_acc: 0.6192
Epoch 84/100
 - 39s - loss: 0.6209 - acc: 0.6626 - val_loss: 0.6517 - val_acc: 0.6168
Epoch 85/100
 - 39s - loss: 0.6189 - acc: 0.6648 - val_loss: 0.6513 - val_acc: 0.6199
Epoch 86/100
 - 39s - loss: 0.6220 - acc: 0.6592 - val_loss: 0.6514 - val_acc: 0.6207
Epoch 87/100
 - 39s - loss: 0.6220 - acc: 0.6620 - val_loss: 0.6510 - val_acc: 0.6207
Epoch 88/100
 - 39s - loss: 0.6185 - acc: 0.6698 - val_loss: 0.6505 - val_acc: 0.6215
Epoch 89/100
 - 39s - loss: 0.6160 - acc: 0.6642 - val_loss: 0.6497 - val_acc: 0.6254
Epoch 90/100
 - 39s - loss: 0.6165 - acc: 0.6698 - val_loss: 0.6503 - val_acc: 0.6215
Epoch 91/100
 - 39s - loss: 0.6179 - acc: 0.6643 - val_loss: 0.6498 - val_acc: 0.6246
Epoch 92/100
 - 39s - loss: 0.6127 - acc: 0.6713 - val_loss: 0.6505 - val_acc: 0.6215
Epoch 93/100
 - 39s - loss: 0.6146 - acc: 0.6729 - val_loss: 0.6503 - val_acc: 0.6215
Epoch 94/100
 - 39s - loss: 0.6155 - acc: 0.6703 - val_loss: 0.6499 - val_acc: 0.6215
Epoch 95/100
 - 39s - loss: 0.6104 - acc: 0.6773 - val_loss: 0.6502 - val_acc: 0.6207
Epoch 96/100
 - 39s - loss: 0.6127 - acc: 0.6734 - val_loss: 0.6498 - val_acc: 0.6207
Epoch 97/100
 - 39s - loss: 0.6133 - acc: 0.6680 - val_loss: 0.6494 - val_acc: 0.6199
Epoch 98/100
 - 39s - loss: 0.6143 - acc: 0.6730 - val_loss: 0.6500 - val_acc: 0.6199
Epoch 99/100
 - 39s - loss: 0.6114 - acc: 0.6728 - val_loss: 0.6497 - val_acc: 0.6192
Epoch 100/100
 - 39s - loss: 0.6084 - acc: 0.6777 - val_loss: 0.6496 - val_acc: 0.6207
Testing...
Test loss: 0.6484947960585614
Test accuracy: 0.6314127870027532
Valid loss: 0.6495806084615048
Valid accuracy: 0.6207165109034268
tn, fp, fn, tp
548 166 301 252
_________________________________________________________________
Layer (type)                 Output Shape              Param #   
=================================================================
input (InputLayer)           (None, 100)               0         
_________________________________________________________________
embedding_1 (Embedding)      (None, 100, 300)          4084500   
_________________________________________________________________
bidirectional_1 (Bidirection (None, 64)                85248     
_________________________________________________________________
dense_1 (Dense)              (None, 2)                 130       
=================================================================
Total params: 4,169,878
Trainable params: 4,169,878
Non-trainable params: 0
_________________________________________________________________
trainingdata= liar
Training with Fake= 1
Training with Fake= 1
Training with Fake= 1
train seq shape (10240, 100)
(10240, 2)
Parameters:: num_cells: 32 num_samples: 10240 embedding_size: 300 epochs: 100 batch_size: 64
(?, 100)
fitting model..
Train on 10240 samples, validate on 1284 samples
Epoch 1/100
 - 41s - loss: 0.6899 - acc: 0.5356 - val_loss: 0.6899 - val_acc: 0.5234
Epoch 2/100
 - 39s - loss: 0.6861 - acc: 0.5613 - val_loss: 0.6898 - val_acc: 0.5280
Epoch 3/100
 - 39s - loss: 0.6851 - acc: 0.5610 - val_loss: 0.6899 - val_acc: 0.5226
Epoch 4/100
 - 39s - loss: 0.6841 - acc: 0.5663 - val_loss: 0.6901 - val_acc: 0.5210
Epoch 5/100
 - 39s - loss: 0.6826 - acc: 0.5676 - val_loss: 0.6900 - val_acc: 0.5210
Epoch 6/100
 - 39s - loss: 0.6817 - acc: 0.5661 - val_loss: 0.6897 - val_acc: 0.5210
Epoch 7/100
 - 39s - loss: 0.6811 - acc: 0.5672 - val_loss: 0.6893 - val_acc: 0.5226
Epoch 8/100
 - 39s - loss: 0.6798 - acc: 0.5682 - val_loss: 0.6888 - val_acc: 0.5226
Epoch 9/100
 - 39s - loss: 0.6804 - acc: 0.5662 - val_loss: 0.6883 - val_acc: 0.5265
Epoch 10/100
 - 39s - loss: 0.6795 - acc: 0.5675 - val_loss: 0.6879 - val_acc: 0.5257
Epoch 11/100
 - 39s - loss: 0.6779 - acc: 0.5712 - val_loss: 0.6873 - val_acc: 0.5273
Epoch 12/100
 - 39s - loss: 0.6783 - acc: 0.5689 - val_loss: 0.6866 - val_acc: 0.5304
Epoch 13/100
 - 39s - loss: 0.6771 - acc: 0.5713 - val_loss: 0.6860 - val_acc: 0.5335
Epoch 14/100
 - 39s - loss: 0.6766 - acc: 0.5737 - val_loss: 0.6854 - val_acc: 0.5366
Epoch 15/100
 - 39s - loss: 0.6746 - acc: 0.5771 - val_loss: 0.6848 - val_acc: 0.5350
Epoch 16/100
 - 39s - loss: 0.6743 - acc: 0.5774 - val_loss: 0.6840 - val_acc: 0.5397
Epoch 17/100
 - 39s - loss: 0.6750 - acc: 0.5775 - val_loss: 0.6836 - val_acc: 0.5405
Epoch 18/100
 - 39s - loss: 0.6746 - acc: 0.5748 - val_loss: 0.6829 - val_acc: 0.5452
Epoch 19/100
 - 39s - loss: 0.6728 - acc: 0.5829 - val_loss: 0.6822 - val_acc: 0.5475
Epoch 20/100
 - 39s - loss: 0.6725 - acc: 0.5771 - val_loss: 0.6815 - val_acc: 0.5491
Epoch 21/100
 - 39s - loss: 0.6708 - acc: 0.5807 - val_loss: 0.6809 - val_acc: 0.5522
Epoch 22/100
 - 39s - loss: 0.6698 - acc: 0.5862 - val_loss: 0.6801 - val_acc: 0.5569
Epoch 23/100
 - 39s - loss: 0.6699 - acc: 0.5871 - val_loss: 0.6794 - val_acc: 0.5607
Epoch 24/100
 - 39s - loss: 0.6688 - acc: 0.5854 - val_loss: 0.6787 - val_acc: 0.5639
Epoch 25/100
 - 39s - loss: 0.6681 - acc: 0.5872 - val_loss: 0.6780 - val_acc: 0.5654
Epoch 26/100
 - 39s - loss: 0.6687 - acc: 0.5916 - val_loss: 0.6773 - val_acc: 0.5678
Epoch 27/100
 - 39s - loss: 0.6672 - acc: 0.5885 - val_loss: 0.6766 - val_acc: 0.5717
Epoch 28/100
 - 39s - loss: 0.6651 - acc: 0.5965 - val_loss: 0.6759 - val_acc: 0.5717
Epoch 29/100
 - 39s - loss: 0.6646 - acc: 0.5906 - val_loss: 0.6752 - val_acc: 0.5717
Epoch 30/100
 - 39s - loss: 0.6641 - acc: 0.5937 - val_loss: 0.6742 - val_acc: 0.5724
Epoch 31/100
 - 39s - loss: 0.6624 - acc: 0.5994 - val_loss: 0.6734 - val_acc: 0.5685
Epoch 32/100
 - 39s - loss: 0.6609 - acc: 0.6015 - val_loss: 0.6726 - val_acc: 0.5717
Epoch 33/100
 - 39s - loss: 0.6612 - acc: 0.5990 - val_loss: 0.6719 - val_acc: 0.5740
Epoch 34/100
 - 39s - loss: 0.6601 - acc: 0.6047 - val_loss: 0.6711 - val_acc: 0.5755
Epoch 35/100
 - 39s - loss: 0.6614 - acc: 0.6014 - val_loss: 0.6703 - val_acc: 0.5810
Epoch 36/100
 - 39s - loss: 0.6589 - acc: 0.6112 - val_loss: 0.6693 - val_acc: 0.5857
Epoch 37/100
 - 39s - loss: 0.6561 - acc: 0.6124 - val_loss: 0.6688 - val_acc: 0.5864
Epoch 38/100
 - 39s - loss: 0.6561 - acc: 0.6094 - val_loss: 0.6681 - val_acc: 0.5888
Epoch 39/100
 - 39s - loss: 0.6549 - acc: 0.6162 - val_loss: 0.6674 - val_acc: 0.5880
Epoch 40/100
 - 39s - loss: 0.6557 - acc: 0.6111 - val_loss: 0.6664 - val_acc: 0.5872
Epoch 41/100
 - 39s - loss: 0.6542 - acc: 0.6125 - val_loss: 0.6659 - val_acc: 0.5896
Epoch 42/100
 - 39s - loss: 0.6536 - acc: 0.6178 - val_loss: 0.6649 - val_acc: 0.5935
Epoch 43/100
 - 39s - loss: 0.6523 - acc: 0.6177 - val_loss: 0.6644 - val_acc: 0.5950
Epoch 44/100
 - 39s - loss: 0.6515 - acc: 0.6164 - val_loss: 0.6635 - val_acc: 0.6028
Epoch 45/100
 - 39s - loss: 0.6510 - acc: 0.6174 - val_loss: 0.6628 - val_acc: 0.6028
Epoch 46/100
 - 39s - loss: 0.6502 - acc: 0.6175 - val_loss: 0.6621 - val_acc: 0.6020
Epoch 47/100
 - 39s - loss: 0.6483 - acc: 0.6301 - val_loss: 0.6614 - val_acc: 0.6036
Epoch 48/100
 - 39s - loss: 0.6512 - acc: 0.6186 - val_loss: 0.6610 - val_acc: 0.6020
Epoch 49/100
 - 39s - loss: 0.6464 - acc: 0.6265 - val_loss: 0.6609 - val_acc: 0.5997
Epoch 50/100
 - 39s - loss: 0.6493 - acc: 0.6229 - val_loss: 0.6599 - val_acc: 0.6020
Epoch 51/100
 - 39s - loss: 0.6449 - acc: 0.6278 - val_loss: 0.6594 - val_acc: 0.6067
Epoch 52/100
 - 39s - loss: 0.6465 - acc: 0.6255 - val_loss: 0.6592 - val_acc: 0.6059
Epoch 53/100
 - 39s - loss: 0.6436 - acc: 0.6336 - val_loss: 0.6584 - val_acc: 0.6059
Epoch 54/100
 - 40s - loss: 0.6465 - acc: 0.6271 - val_loss: 0.6585 - val_acc: 0.6067
Epoch 55/100
 - 39s - loss: 0.6449 - acc: 0.6300 - val_loss: 0.6580 - val_acc: 0.6051
Epoch 56/100
 - 39s - loss: 0.6435 - acc: 0.6315 - val_loss: 0.6577 - val_acc: 0.6059
Epoch 57/100
 - 39s - loss: 0.6414 - acc: 0.6323 - val_loss: 0.6567 - val_acc: 0.6083
Epoch 58/100
 - 39s - loss: 0.6418 - acc: 0.6328 - val_loss: 0.6565 - val_acc: 0.6090
Epoch 59/100
 - 39s - loss: 0.6401 - acc: 0.6376 - val_loss: 0.6561 - val_acc: 0.6083
Epoch 60/100
 - 39s - loss: 0.6391 - acc: 0.6332 - val_loss: 0.6558 - val_acc: 0.6083
Epoch 61/100
 - 39s - loss: 0.6381 - acc: 0.6411 - val_loss: 0.6555 - val_acc: 0.6114
Epoch 62/100
 - 39s - loss: 0.6394 - acc: 0.6404 - val_loss: 0.6555 - val_acc: 0.6121
Epoch 63/100
 - 39s - loss: 0.6389 - acc: 0.6352 - val_loss: 0.6553 - val_acc: 0.6129
Epoch 64/100
 - 39s - loss: 0.6355 - acc: 0.6416 - val_loss: 0.6543 - val_acc: 0.6129
Epoch 65/100
 - 39s - loss: 0.6363 - acc: 0.6460 - val_loss: 0.6541 - val_acc: 0.6121
Epoch 66/100
 - 39s - loss: 0.6353 - acc: 0.6478 - val_loss: 0.6538 - val_acc: 0.6137
Epoch 67/100
 - 39s - loss: 0.6342 - acc: 0.6409 - val_loss: 0.6532 - val_acc: 0.6160
Epoch 68/100
 - 39s - loss: 0.6328 - acc: 0.6471 - val_loss: 0.6533 - val_acc: 0.6192
Epoch 69/100
 - 39s - loss: 0.6342 - acc: 0.6439 - val_loss: 0.6534 - val_acc: 0.6199
Epoch 70/100
 - 39s - loss: 0.6323 - acc: 0.6510 - val_loss: 0.6527 - val_acc: 0.6207
Epoch 71/100
 - 39s - loss: 0.6317 - acc: 0.6457 - val_loss: 0.6526 - val_acc: 0.6231
Epoch 72/100
 - 39s - loss: 0.6327 - acc: 0.6429 - val_loss: 0.6525 - val_acc: 0.6246
Epoch 73/100
 - 39s - loss: 0.6313 - acc: 0.6491 - val_loss: 0.6526 - val_acc: 0.6254
Epoch 74/100
 - 39s - loss: 0.6286 - acc: 0.6497 - val_loss: 0.6520 - val_acc: 0.6254
Epoch 75/100
 - 39s - loss: 0.6276 - acc: 0.6497 - val_loss: 0.6515 - val_acc: 0.6269
Epoch 76/100
 - 39s - loss: 0.6275 - acc: 0.6506 - val_loss: 0.6516 - val_acc: 0.6269
Epoch 77/100
 - 39s - loss: 0.6263 - acc: 0.6572 - val_loss: 0.6512 - val_acc: 0.6293
Epoch 78/100
 - 39s - loss: 0.6242 - acc: 0.6583 - val_loss: 0.6512 - val_acc: 0.6293
Epoch 79/100
 - 39s - loss: 0.6264 - acc: 0.6560 - val_loss: 0.6506 - val_acc: 0.6293
Epoch 80/100
 - 39s - loss: 0.6258 - acc: 0.6502 - val_loss: 0.6500 - val_acc: 0.6301
Epoch 81/100
 - 39s - loss: 0.6244 - acc: 0.6565 - val_loss: 0.6498 - val_acc: 0.6285
Epoch 82/100
 - 39s - loss: 0.6224 - acc: 0.6617 - val_loss: 0.6494 - val_acc: 0.6238
Epoch 83/100
 - 39s - loss: 0.6212 - acc: 0.6630 - val_loss: 0.6496 - val_acc: 0.6277
Epoch 84/100
 - 39s - loss: 0.6210 - acc: 0.6583 - val_loss: 0.6499 - val_acc: 0.6285
Epoch 85/100
 - 39s - loss: 0.6198 - acc: 0.6648 - val_loss: 0.6490 - val_acc: 0.6269
Epoch 86/100
 - 39s - loss: 0.6194 - acc: 0.6629 - val_loss: 0.6496 - val_acc: 0.6285
Epoch 87/100
 - 39s - loss: 0.6166 - acc: 0.6686 - val_loss: 0.6492 - val_acc: 0.6285
Epoch 88/100
 - 39s - loss: 0.6212 - acc: 0.6569 - val_loss: 0.6487 - val_acc: 0.6277
Epoch 89/100
 - 39s - loss: 0.6179 - acc: 0.6651 - val_loss: 0.6488 - val_acc: 0.6293
Epoch 90/100
 - 39s - loss: 0.6128 - acc: 0.6693 - val_loss: 0.6492 - val_acc: 0.6277
Epoch 91/100
 - 39s - loss: 0.6152 - acc: 0.6691 - val_loss: 0.6494 - val_acc: 0.6301
Epoch 92/100
 - 39s - loss: 0.6157 - acc: 0.6634 - val_loss: 0.6492 - val_acc: 0.6285
Epoch 93/100
 - 39s - loss: 0.6141 - acc: 0.6660 - val_loss: 0.6484 - val_acc: 0.6254
Epoch 94/100
 - 39s - loss: 0.6124 - acc: 0.6745 - val_loss: 0.6487 - val_acc: 0.6277
Epoch 95/100
 - 39s - loss: 0.6118 - acc: 0.6720 - val_loss: 0.6489 - val_acc: 0.6285
Epoch 96/100
 - 39s - loss: 0.6109 - acc: 0.6742 - val_loss: 0.6481 - val_acc: 0.6301
Epoch 97/100
 - 39s - loss: 0.6121 - acc: 0.6748 - val_loss: 0.6486 - val_acc: 0.6301
Epoch 98/100
 - 39s - loss: 0.6107 - acc: 0.6752 - val_loss: 0.6477 - val_acc: 0.6285
Epoch 99/100
 - 39s - loss: 0.6093 - acc: 0.6748 - val_loss: 0.6467 - val_acc: 0.6301
Epoch 100/100
 - 39s - loss: 0.6101 - acc: 0.6730 - val_loss: 0.6473 - val_acc: 0.6285
Testing...
Test loss: 0.6491576367320276
Test accuracy: 0.6203630631517593
Valid loss: 0.6473167098571206
Valid accuracy: 0.6285046728971962
tn, fp, fn, tp
542 172 309 244
_________________________________________________________________
Layer (type)                 Output Shape              Param #   
=================================================================
input (InputLayer)           (None, 100)               0         
_________________________________________________________________
embedding_2 (Embedding)      (None, 100, 300)          4084500   
_________________________________________________________________
bidirectional_2 (Bidirection (None, 64)                85248     
_________________________________________________________________
dense_2 (Dense)              (None, 2)                 130       
=================================================================
Total params: 4,169,878
Trainable params: 4,169,878
Non-trainable params: 0
_________________________________________________________________
trainingdata= liar
Training with Fake= 1
Training with Fake= 1
Training with Fake= 1
train seq shape (10240, 100)
(10240, 2)
Parameters:: num_cells: 32 num_samples: 10240 embedding_size: 300 epochs: 100 batch_size: 64
(?, 100)
fitting model..
Train on 10240 samples, validate on 1284 samples
Epoch 1/100
 - 41s - loss: 0.6919 - acc: 0.5261 - val_loss: 0.6907 - val_acc: 0.5382
Epoch 2/100
 - 39s - loss: 0.6883 - acc: 0.5451 - val_loss: 0.6903 - val_acc: 0.5265
Epoch 3/100
 - 39s - loss: 0.6866 - acc: 0.5570 - val_loss: 0.6905 - val_acc: 0.5226
Epoch 4/100
 - 39s - loss: 0.6845 - acc: 0.5607 - val_loss: 0.6906 - val_acc: 0.5210
Epoch 5/100
 - 39s - loss: 0.6835 - acc: 0.5660 - val_loss: 0.6905 - val_acc: 0.5218
Epoch 6/100
 - 39s - loss: 0.6833 - acc: 0.5615 - val_loss: 0.6902 - val_acc: 0.5210
Epoch 7/100
 - 39s - loss: 0.6826 - acc: 0.5633 - val_loss: 0.6898 - val_acc: 0.5210
Epoch 8/100
 - 39s - loss: 0.6814 - acc: 0.5631 - val_loss: 0.6893 - val_acc: 0.5202
Epoch 9/100
 - 39s - loss: 0.6799 - acc: 0.5666 - val_loss: 0.6888 - val_acc: 0.5202
Epoch 10/100
 - 39s - loss: 0.6789 - acc: 0.5683 - val_loss: 0.6882 - val_acc: 0.5202
Epoch 11/100
 - 39s - loss: 0.6782 - acc: 0.5717 - val_loss: 0.6876 - val_acc: 0.5202
Epoch 12/100
 - 39s - loss: 0.6779 - acc: 0.5691 - val_loss: 0.6871 - val_acc: 0.5210
Epoch 13/100
 - 39s - loss: 0.6780 - acc: 0.5677 - val_loss: 0.6865 - val_acc: 0.5249
Epoch 14/100
 - 39s - loss: 0.6771 - acc: 0.5688 - val_loss: 0.6859 - val_acc: 0.5265
Epoch 15/100
 - 39s - loss: 0.6761 - acc: 0.5724 - val_loss: 0.6854 - val_acc: 0.5273
Epoch 16/100
 - 39s - loss: 0.6752 - acc: 0.5760 - val_loss: 0.6848 - val_acc: 0.5319
Epoch 17/100
 - 39s - loss: 0.6754 - acc: 0.5681 - val_loss: 0.6842 - val_acc: 0.5343
Epoch 18/100
 - 39s - loss: 0.6743 - acc: 0.5743 - val_loss: 0.6834 - val_acc: 0.5428
Epoch 19/100
 - 39s - loss: 0.6731 - acc: 0.5778 - val_loss: 0.6827 - val_acc: 0.5475
Epoch 20/100
 - 39s - loss: 0.6728 - acc: 0.5775 - val_loss: 0.6821 - val_acc: 0.5498
Epoch 21/100
 - 39s - loss: 0.6715 - acc: 0.5797 - val_loss: 0.6816 - val_acc: 0.5522
Epoch 22/100
 - 39s - loss: 0.6713 - acc: 0.5809 - val_loss: 0.6809 - val_acc: 0.5600
Epoch 23/100
 - 39s - loss: 0.6702 - acc: 0.5807 - val_loss: 0.6803 - val_acc: 0.5607
Epoch 24/100
 - 39s - loss: 0.6690 - acc: 0.5869 - val_loss: 0.6796 - val_acc: 0.5592
Epoch 25/100
 - 39s - loss: 0.6678 - acc: 0.5912 - val_loss: 0.6787 - val_acc: 0.5592
Epoch 26/100
 - 39s - loss: 0.6677 - acc: 0.5882 - val_loss: 0.6779 - val_acc: 0.5654
Epoch 27/100
 - 39s - loss: 0.6665 - acc: 0.5909 - val_loss: 0.6771 - val_acc: 0.5693
Epoch 28/100
 - 39s - loss: 0.6655 - acc: 0.5951 - val_loss: 0.6765 - val_acc: 0.5709
Epoch 29/100
 - 39s - loss: 0.6650 - acc: 0.5918 - val_loss: 0.6756 - val_acc: 0.5724
Epoch 30/100
 - 39s - loss: 0.6645 - acc: 0.5942 - val_loss: 0.6747 - val_acc: 0.5732
Epoch 31/100
 - 39s - loss: 0.6623 - acc: 0.6012 - val_loss: 0.6737 - val_acc: 0.5755
Epoch 32/100
 - 39s - loss: 0.6628 - acc: 0.5964 - val_loss: 0.6731 - val_acc: 0.5771
Epoch 33/100
 - 39s - loss: 0.6608 - acc: 0.6021 - val_loss: 0.6719 - val_acc: 0.5833
Epoch 34/100
 - 39s - loss: 0.6596 - acc: 0.6038 - val_loss: 0.6712 - val_acc: 0.5849
Epoch 35/100
 - 39s - loss: 0.6597 - acc: 0.6025 - val_loss: 0.6705 - val_acc: 0.5857
Epoch 36/100
 - 39s - loss: 0.6593 - acc: 0.6025 - val_loss: 0.6696 - val_acc: 0.5896
Epoch 37/100
 - 39s - loss: 0.6567 - acc: 0.6143 - val_loss: 0.6688 - val_acc: 0.5888
Epoch 38/100
 - 39s - loss: 0.6561 - acc: 0.6074 - val_loss: 0.6679 - val_acc: 0.5942
Epoch 39/100
 - 39s - loss: 0.6554 - acc: 0.6163 - val_loss: 0.6670 - val_acc: 0.5981
Epoch 40/100
 - 39s - loss: 0.6535 - acc: 0.6152 - val_loss: 0.6659 - val_acc: 0.5997
Epoch 41/100
 - 39s - loss: 0.6521 - acc: 0.6205 - val_loss: 0.6652 - val_acc: 0.5989
Epoch 42/100
 - 39s - loss: 0.6539 - acc: 0.6154 - val_loss: 0.6644 - val_acc: 0.6059
Epoch 43/100
 - 39s - loss: 0.6520 - acc: 0.6159 - val_loss: 0.6635 - val_acc: 0.6090
Epoch 44/100
 - 39s - loss: 0.6511 - acc: 0.6200 - val_loss: 0.6631 - val_acc: 0.6083
Epoch 45/100
 - 39s - loss: 0.6505 - acc: 0.6186 - val_loss: 0.6620 - val_acc: 0.6106
Epoch 46/100
 - 39s - loss: 0.6490 - acc: 0.6219 - val_loss: 0.6613 - val_acc: 0.6098
Epoch 47/100
 - 39s - loss: 0.6479 - acc: 0.6247 - val_loss: 0.6604 - val_acc: 0.6160
Epoch 48/100
 - 39s - loss: 0.6473 - acc: 0.6259 - val_loss: 0.6598 - val_acc: 0.6184
Epoch 49/100
 - 39s - loss: 0.6453 - acc: 0.6282 - val_loss: 0.6593 - val_acc: 0.6184
Epoch 50/100
 - 39s - loss: 0.6451 - acc: 0.6267 - val_loss: 0.6587 - val_acc: 0.6168
Epoch 51/100
 - 39s - loss: 0.6447 - acc: 0.6333 - val_loss: 0.6584 - val_acc: 0.6207
Epoch 52/100
 - 39s - loss: 0.6444 - acc: 0.6299 - val_loss: 0.6575 - val_acc: 0.6223
Epoch 53/100
 - 39s - loss: 0.6428 - acc: 0.6311 - val_loss: 0.6570 - val_acc: 0.6238
Epoch 54/100
 - 39s - loss: 0.6413 - acc: 0.6326 - val_loss: 0.6567 - val_acc: 0.6246
Epoch 55/100
 - 39s - loss: 0.6418 - acc: 0.6324 - val_loss: 0.6565 - val_acc: 0.6262
Epoch 56/100
 - 39s - loss: 0.6394 - acc: 0.6389 - val_loss: 0.6560 - val_acc: 0.6254
Epoch 57/100
 - 39s - loss: 0.6422 - acc: 0.6325 - val_loss: 0.6556 - val_acc: 0.6223
Epoch 58/100
 - 39s - loss: 0.6386 - acc: 0.6405 - val_loss: 0.6551 - val_acc: 0.6246
Epoch 59/100
 - 39s - loss: 0.6395 - acc: 0.6395 - val_loss: 0.6548 - val_acc: 0.6262
Epoch 60/100
 - 38s - loss: 0.6371 - acc: 0.6415 - val_loss: 0.6544 - val_acc: 0.6254
Epoch 61/100
 - 38s - loss: 0.6351 - acc: 0.6456 - val_loss: 0.6540 - val_acc: 0.6246
Epoch 62/100
 - 38s - loss: 0.6372 - acc: 0.6370 - val_loss: 0.6538 - val_acc: 0.6277
Epoch 63/100
 - 39s - loss: 0.6361 - acc: 0.6440 - val_loss: 0.6537 - val_acc: 0.6285
Epoch 64/100
 - 38s - loss: 0.6327 - acc: 0.6470 - val_loss: 0.6530 - val_acc: 0.6293
Epoch 65/100
 - 38s - loss: 0.6351 - acc: 0.6447 - val_loss: 0.6528 - val_acc: 0.6308
Epoch 66/100
 - 38s - loss: 0.6352 - acc: 0.6454 - val_loss: 0.6528 - val_acc: 0.6340
Epoch 67/100
 - 38s - loss: 0.6308 - acc: 0.6477 - val_loss: 0.6521 - val_acc: 0.6340
Epoch 68/100
 - 38s - loss: 0.6320 - acc: 0.6478 - val_loss: 0.6518 - val_acc: 0.6340
Epoch 69/100
 - 38s - loss: 0.6318 - acc: 0.6477 - val_loss: 0.6516 - val_acc: 0.6324
Epoch 70/100
 - 38s - loss: 0.6314 - acc: 0.6506 - val_loss: 0.6519 - val_acc: 0.6363
Epoch 71/100
 - 38s - loss: 0.6280 - acc: 0.6507 - val_loss: 0.6512 - val_acc: 0.6332
Epoch 72/100
 - 38s - loss: 0.6278 - acc: 0.6564 - val_loss: 0.6508 - val_acc: 0.6324
Epoch 73/100
 - 38s - loss: 0.6298 - acc: 0.6479 - val_loss: 0.6501 - val_acc: 0.6316
Epoch 74/100
 - 38s - loss: 0.6277 - acc: 0.6506 - val_loss: 0.6498 - val_acc: 0.6332
Epoch 75/100
 - 38s - loss: 0.6267 - acc: 0.6578 - val_loss: 0.6507 - val_acc: 0.6324
Epoch 76/100
 - 38s - loss: 0.6256 - acc: 0.6547 - val_loss: 0.6500 - val_acc: 0.6340
Epoch 77/100
 - 38s - loss: 0.6226 - acc: 0.6565 - val_loss: 0.6497 - val_acc: 0.6332
Epoch 78/100
 - 39s - loss: 0.6260 - acc: 0.6560 - val_loss: 0.6494 - val_acc: 0.6340
Epoch 79/100
 - 38s - loss: 0.6232 - acc: 0.6544 - val_loss: 0.6492 - val_acc: 0.6324
Epoch 80/100
 - 38s - loss: 0.6238 - acc: 0.6602 - val_loss: 0.6492 - val_acc: 0.6324
Epoch 81/100
 - 38s - loss: 0.6213 - acc: 0.6584 - val_loss: 0.6495 - val_acc: 0.6332
Epoch 82/100
 - 38s - loss: 0.6208 - acc: 0.6619 - val_loss: 0.6486 - val_acc: 0.6347
Epoch 83/100
 - 39s - loss: 0.6217 - acc: 0.6606 - val_loss: 0.6482 - val_acc: 0.6355
Epoch 84/100
 - 38s - loss: 0.6211 - acc: 0.6578 - val_loss: 0.6481 - val_acc: 0.6355
Epoch 85/100
 - 38s - loss: 0.6182 - acc: 0.6651 - val_loss: 0.6476 - val_acc: 0.6355
Epoch 86/100
 - 38s - loss: 0.6193 - acc: 0.6620 - val_loss: 0.6485 - val_acc: 0.6363
Epoch 87/100
 - 38s - loss: 0.6189 - acc: 0.6620 - val_loss: 0.6481 - val_acc: 0.6347
Epoch 88/100
 - 38s - loss: 0.6179 - acc: 0.6648 - val_loss: 0.6474 - val_acc: 0.6355
Epoch 89/100
 - 38s - loss: 0.6176 - acc: 0.6596 - val_loss: 0.6472 - val_acc: 0.6355
Epoch 90/100
 - 38s - loss: 0.6169 - acc: 0.6645 - val_loss: 0.6472 - val_acc: 0.6363
Epoch 91/100
 - 38s - loss: 0.6127 - acc: 0.6718 - val_loss: 0.6469 - val_acc: 0.6363
Epoch 92/100
 - 38s - loss: 0.6144 - acc: 0.6719 - val_loss: 0.6474 - val_acc: 0.6379
Epoch 93/100
 - 38s - loss: 0.6095 - acc: 0.6688 - val_loss: 0.6477 - val_acc: 0.6363
Epoch 94/100
 - 38s - loss: 0.6082 - acc: 0.6733 - val_loss: 0.6480 - val_acc: 0.6363
Epoch 95/100
 - 38s - loss: 0.6090 - acc: 0.6735 - val_loss: 0.6477 - val_acc: 0.6386
Epoch 96/100
 - 38s - loss: 0.6112 - acc: 0.6726 - val_loss: 0.6474 - val_acc: 0.6363
Epoch 97/100
 - 38s - loss: 0.6104 - acc: 0.6763 - val_loss: 0.6473 - val_acc: 0.6363
Epoch 98/100
 - 38s - loss: 0.6075 - acc: 0.6761 - val_loss: 0.6470 - val_acc: 0.6379
Epoch 99/100
 - 38s - loss: 0.6048 - acc: 0.6825 - val_loss: 0.6468 - val_acc: 0.6379
Epoch 100/100
 - 38s - loss: 0.6051 - acc: 0.6755 - val_loss: 0.6468 - val_acc: 0.6379
Using TensorFlow backend.
Testing...
Test loss: 0.6516108303062541
Test accuracy: 0.6156274673500302
Valid loss: 0.6468396873860345
Valid accuracy: 0.6378504672897196
tn, fp, fn, tp
537 177 310 243
_________________________________________________________________
Layer (type)                 Output Shape              Param #   
=================================================================
input (InputLayer)           (None, 100)               0         
_________________________________________________________________
embedding_3 (Embedding)      (None, 100, 300)          4084500   
_________________________________________________________________
bidirectional_3 (Bidirection (None, 64)                85248     
_________________________________________________________________
dense_3 (Dense)              (None, 2)                 130       
=================================================================
Total params: 4,169,878
Trainable params: 4,169,878
Non-trainable params: 0
_________________________________________________________________
AVERAGE= 0.6384681094658337
