['False' 'Half-True' 'Mostly False' 'Mostly True' 'Pants on Fire!' 'True']
[0 1 2 3 4 5]
['barely-true' 'false' 'half-true' 'mostly-true' 'pants-fire' 'true']
[0 1 2 3 4 5]
train size: 19802 test size 9754
politifact_coefs
binary F1 0.7874516032959398
micro f1: 0.7805003075661269
macro f1: 0.7802652823050975
weighted F1 0.7804627329946142
accuracy 0.7805003075661268

first done
train size: 19592 test size 9650
snopes_coefs
binary F1 0.5958333333333333
micro f1: 0.8391709844559585
macro f1: 0.7477226175075464
weighted F1 0.8233367233285743
accuracy 0.8391709844559585

second done
train size: 10240 test size 9754
Politifact predicted by Liar classifier
binary F1 0.6746792268962157
micro f1: 0.5892966987902399
macro f1: 0.5589131469482469
weighted F1 0.5620939250317055
accuracy 0.5892966987902399

third done
train size: 10240 test size 9650
Snopes predicted by Liar classifier
binary F1 0.3933420937363119
micro f1: 0.42590673575129534
macro f1: 0.4242477581191395
weighted F1 0.439633334460601
accuracy 0.42590673575129534

done
